{"/Users/remsbdj/Documents/Development/react_projects/tictactrip_exercise/tictactrip_exercise_react/src/components/SearchBar.tsx": {"path":"/Users/remsbdj/Documents/Development/react_projects/tictactrip_exercise/tictactrip_exercise_react/src/components/SearchBar.tsx","all":false,"statementMap":{"0":{"start":{"line":1,"column":0},"end":{"line":1,"column":49}},"1":{"start":{"line":2,"column":0},"end":{"line":2,"column":45}},"2":{"start":{"line":3,"column":0},"end":{"line":3,"column":29}},"3":{"start":{"line":4,"column":0},"end":{"line":4,"column":65}},"4":{"start":{"line":5,"column":0},"end":{"line":5,"column":200}},"5":{"start":{"line":6,"column":0},"end":{"line":6,"column":0}},"6":{"start":{"line":7,"column":0},"end":{"line":7,"column":42}},"7":{"start":{"line":8,"column":0},"end":{"line":8,"column":2}},"8":{"start":{"line":9,"column":0},"end":{"line":9,"column":0}},"9":{"start":{"line":10,"column":0},"end":{"line":10,"column":34}},"10":{"start":{"line":11,"column":0},"end":{"line":11,"column":0}},"11":{"start":{"line":12,"column":0},"end":{"line":12,"column":25}},"12":{"start":{"line":13,"column":0},"end":{"line":13,"column":15}},"13":{"start":{"line":14,"column":0},"end":{"line":14,"column":24}},"14":{"start":{"line":15,"column":0},"end":{"line":15,"column":23}},"15":{"start":{"line":16,"column":0},"end":{"line":16,"column":21}},"16":{"start":{"line":17,"column":0},"end":{"line":17,"column":22}},"17":{"start":{"line":18,"column":0},"end":{"line":18,"column":19}},"18":{"start":{"line":19,"column":0},"end":{"line":19,"column":20}},"19":{"start":{"line":20,"column":0},"end":{"line":20,"column":18}},"20":{"start":{"line":21,"column":0},"end":{"line":21,"column":22}},"21":{"start":{"line":22,"column":0},"end":{"line":22,"column":21}},"22":{"start":{"line":23,"column":0},"end":{"line":23,"column":20}},"23":{"start":{"line":24,"column":0},"end":{"line":24,"column":4}},"24":{"start":{"line":25,"column":0},"end":{"line":25,"column":0}},"25":{"start":{"line":26,"column":0},"end":{"line":26,"column":32}},"26":{"start":{"line":27,"column":0},"end":{"line":27,"column":20}},"27":{"start":{"line":28,"column":0},"end":{"line":28,"column":23}},"28":{"start":{"line":29,"column":0},"end":{"line":29,"column":23}},"29":{"start":{"line":30,"column":0},"end":{"line":30,"column":21}},"30":{"start":{"line":31,"column":0},"end":{"line":31,"column":22}},"31":{"start":{"line":32,"column":0},"end":{"line":32,"column":24}},"32":{"start":{"line":33,"column":0},"end":{"line":33,"column":39}},"33":{"start":{"line":34,"column":0},"end":{"line":34,"column":20}},"34":{"start":{"line":35,"column":0},"end":{"line":35,"column":18}},"35":{"start":{"line":36,"column":0},"end":{"line":36,"column":22}},"36":{"start":{"line":37,"column":0},"end":{"line":37,"column":25}},"37":{"start":{"line":38,"column":0},"end":{"line":38,"column":18}},"38":{"start":{"line":39,"column":0},"end":{"line":39,"column":3}},"39":{"start":{"line":40,"column":0},"end":{"line":40,"column":0}},"40":{"start":{"line":41,"column":0},"end":{"line":41,"column":38}},"41":{"start":{"line":42,"column":0},"end":{"line":42,"column":15}},"42":{"start":{"line":43,"column":0},"end":{"line":43,"column":24}},"43":{"start":{"line":44,"column":0},"end":{"line":44,"column":23}},"44":{"start":{"line":45,"column":0},"end":{"line":45,"column":21}},"45":{"start":{"line":46,"column":0},"end":{"line":46,"column":22}},"46":{"start":{"line":47,"column":0},"end":{"line":47,"column":19}},"47":{"start":{"line":48,"column":0},"end":{"line":48,"column":20}},"48":{"start":{"line":49,"column":0},"end":{"line":49,"column":18}},"49":{"start":{"line":50,"column":0},"end":{"line":50,"column":22}},"50":{"start":{"line":51,"column":0},"end":{"line":51,"column":21}},"51":{"start":{"line":52,"column":0},"end":{"line":52,"column":20}},"52":{"start":{"line":53,"column":0},"end":{"line":53,"column":3}},"53":{"start":{"line":54,"column":0},"end":{"line":54,"column":0}},"54":{"start":{"line":55,"column":0},"end":{"line":55,"column":30}},"55":{"start":{"line":56,"column":0},"end":{"line":56,"column":74}},"56":{"start":{"line":57,"column":0},"end":{"line":57,"column":95}},"57":{"start":{"line":58,"column":0},"end":{"line":58,"column":103}},"58":{"start":{"line":59,"column":0},"end":{"line":59,"column":77}},"59":{"start":{"line":60,"column":0},"end":{"line":60,"column":0}},"60":{"start":{"line":61,"column":0},"end":{"line":61,"column":42}},"61":{"start":{"line":62,"column":0},"end":{"line":62,"column":77}},"62":{"start":{"line":63,"column":0},"end":{"line":63,"column":73}},"63":{"start":{"line":64,"column":0},"end":{"line":64,"column":0}},"64":{"start":{"line":65,"column":0},"end":{"line":65,"column":39}},"65":{"start":{"line":66,"column":0},"end":{"line":66,"column":83}},"66":{"start":{"line":67,"column":0},"end":{"line":67,"column":79}},"67":{"start":{"line":68,"column":0},"end":{"line":68,"column":0}},"68":{"start":{"line":69,"column":0},"end":{"line":69,"column":47}},"69":{"start":{"line":70,"column":0},"end":{"line":70,"column":67}},"70":{"start":{"line":71,"column":0},"end":{"line":71,"column":0}},"71":{"start":{"line":72,"column":0},"end":{"line":72,"column":84}},"72":{"start":{"line":73,"column":0},"end":{"line":73,"column":57}},"73":{"start":{"line":74,"column":0},"end":{"line":74,"column":55}},"74":{"start":{"line":75,"column":0},"end":{"line":75,"column":0}},"75":{"start":{"line":76,"column":0},"end":{"line":76,"column":52}},"76":{"start":{"line":77,"column":0},"end":{"line":77,"column":50}},"77":{"start":{"line":78,"column":0},"end":{"line":78,"column":0}},"78":{"start":{"line":79,"column":0},"end":{"line":79,"column":48}},"79":{"start":{"line":80,"column":0},"end":{"line":80,"column":49}},"80":{"start":{"line":81,"column":0},"end":{"line":81,"column":25}},"81":{"start":{"line":82,"column":0},"end":{"line":82,"column":94}},"82":{"start":{"line":83,"column":0},"end":{"line":83,"column":98}},"83":{"start":{"line":84,"column":0},"end":{"line":84,"column":3}},"84":{"start":{"line":85,"column":0},"end":{"line":85,"column":0}},"85":{"start":{"line":86,"column":0},"end":{"line":86,"column":54}},"86":{"start":{"line":87,"column":0},"end":{"line":87,"column":87}},"87":{"start":{"line":88,"column":0},"end":{"line":88,"column":0}},"88":{"start":{"line":89,"column":0},"end":{"line":89,"column":55}},"89":{"start":{"line":90,"column":0},"end":{"line":90,"column":74}},"90":{"start":{"line":91,"column":0},"end":{"line":91,"column":0}},"91":{"start":{"line":92,"column":0},"end":{"line":92,"column":53}},"92":{"start":{"line":93,"column":0},"end":{"line":93,"column":50}},"93":{"start":{"line":94,"column":0},"end":{"line":94,"column":25}},"94":{"start":{"line":95,"column":0},"end":{"line":95,"column":115}},"95":{"start":{"line":96,"column":0},"end":{"line":96,"column":177}},"96":{"start":{"line":97,"column":0},"end":{"line":97,"column":4}},"97":{"start":{"line":98,"column":0},"end":{"line":98,"column":48}},"98":{"start":{"line":99,"column":0},"end":{"line":99,"column":25}},"99":{"start":{"line":100,"column":0},"end":{"line":100,"column":109}},"100":{"start":{"line":101,"column":0},"end":{"line":101,"column":169}},"101":{"start":{"line":102,"column":0},"end":{"line":102,"column":4}},"102":{"start":{"line":103,"column":0},"end":{"line":103,"column":0}},"103":{"start":{"line":104,"column":0},"end":{"line":104,"column":69}},"104":{"start":{"line":105,"column":0},"end":{"line":105,"column":87}},"105":{"start":{"line":106,"column":0},"end":{"line":106,"column":0}},"106":{"start":{"line":107,"column":0},"end":{"line":107,"column":60}},"107":{"start":{"line":108,"column":0},"end":{"line":108,"column":105}},"108":{"start":{"line":109,"column":0},"end":{"line":109,"column":0}},"109":{"start":{"line":110,"column":0},"end":{"line":110,"column":106}},"110":{"start":{"line":111,"column":0},"end":{"line":111,"column":72}},"111":{"start":{"line":112,"column":0},"end":{"line":112,"column":60}},"112":{"start":{"line":113,"column":0},"end":{"line":113,"column":66}},"113":{"start":{"line":114,"column":0},"end":{"line":114,"column":64}},"114":{"start":{"line":115,"column":0},"end":{"line":115,"column":68}},"115":{"start":{"line":116,"column":0},"end":{"line":116,"column":0}},"116":{"start":{"line":117,"column":0},"end":{"line":117,"column":83}},"117":{"start":{"line":118,"column":0},"end":{"line":118,"column":37}},"118":{"start":{"line":119,"column":0},"end":{"line":119,"column":28}},"119":{"start":{"line":120,"column":0},"end":{"line":120,"column":24}},"120":{"start":{"line":121,"column":0},"end":{"line":121,"column":36}},"121":{"start":{"line":122,"column":0},"end":{"line":122,"column":31}},"122":{"start":{"line":123,"column":0},"end":{"line":123,"column":14}},"123":{"start":{"line":124,"column":0},"end":{"line":124,"column":34}},"124":{"start":{"line":125,"column":0},"end":{"line":125,"column":31}},"125":{"start":{"line":126,"column":0},"end":{"line":126,"column":3}},"126":{"start":{"line":127,"column":0},"end":{"line":127,"column":35}},"127":{"start":{"line":128,"column":0},"end":{"line":128,"column":26}},"128":{"start":{"line":129,"column":0},"end":{"line":129,"column":24}},"129":{"start":{"line":130,"column":0},"end":{"line":130,"column":34}},"130":{"start":{"line":131,"column":0},"end":{"line":131,"column":31}},"131":{"start":{"line":132,"column":0},"end":{"line":132,"column":14}},"132":{"start":{"line":133,"column":0},"end":{"line":133,"column":32}},"133":{"start":{"line":134,"column":0},"end":{"line":134,"column":29}},"134":{"start":{"line":135,"column":0},"end":{"line":135,"column":33}},"135":{"start":{"line":136,"column":0},"end":{"line":136,"column":11}},"136":{"start":{"line":137,"column":0},"end":{"line":137,"column":82}},"137":{"start":{"line":138,"column":0},"end":{"line":138,"column":47}},"138":{"start":{"line":139,"column":0},"end":{"line":139,"column":46}},"139":{"start":{"line":140,"column":0},"end":{"line":140,"column":8}},"140":{"start":{"line":141,"column":0},"end":{"line":141,"column":25}},"141":{"start":{"line":142,"column":0},"end":{"line":142,"column":29}},"142":{"start":{"line":143,"column":0},"end":{"line":143,"column":9}},"143":{"start":{"line":144,"column":0},"end":{"line":144,"column":5}},"144":{"start":{"line":145,"column":0},"end":{"line":145,"column":3}},"145":{"start":{"line":146,"column":0},"end":{"line":146,"column":0}},"146":{"start":{"line":147,"column":0},"end":{"line":147,"column":48}},"147":{"start":{"line":148,"column":0},"end":{"line":148,"column":45}},"148":{"start":{"line":149,"column":0},"end":{"line":149,"column":35}},"149":{"start":{"line":150,"column":0},"end":{"line":150,"column":58}},"150":{"start":{"line":151,"column":0},"end":{"line":151,"column":5}},"151":{"start":{"line":152,"column":0},"end":{"line":152,"column":34}},"152":{"start":{"line":153,"column":0},"end":{"line":153,"column":11}},"153":{"start":{"line":154,"column":0},"end":{"line":154,"column":83}},"154":{"start":{"line":155,"column":0},"end":{"line":155,"column":47}},"155":{"start":{"line":156,"column":0},"end":{"line":156,"column":45}},"156":{"start":{"line":157,"column":0},"end":{"line":157,"column":8}},"157":{"start":{"line":158,"column":0},"end":{"line":158,"column":25}},"158":{"start":{"line":159,"column":0},"end":{"line":159,"column":29}},"159":{"start":{"line":160,"column":0},"end":{"line":160,"column":9}},"160":{"start":{"line":161,"column":0},"end":{"line":161,"column":5}},"161":{"start":{"line":162,"column":0},"end":{"line":162,"column":43}},"162":{"start":{"line":163,"column":0},"end":{"line":163,"column":30}},"163":{"start":{"line":164,"column":0},"end":{"line":164,"column":32}},"164":{"start":{"line":165,"column":0},"end":{"line":165,"column":5}},"165":{"start":{"line":166,"column":0},"end":{"line":166,"column":3}},"166":{"start":{"line":167,"column":0},"end":{"line":167,"column":0}},"167":{"start":{"line":168,"column":0},"end":{"line":168,"column":43}},"168":{"start":{"line":169,"column":0},"end":{"line":169,"column":33}},"169":{"start":{"line":170,"column":0},"end":{"line":170,"column":54}},"170":{"start":{"line":171,"column":0},"end":{"line":171,"column":5}},"171":{"start":{"line":172,"column":0},"end":{"line":172,"column":32}},"172":{"start":{"line":173,"column":0},"end":{"line":173,"column":11}},"173":{"start":{"line":174,"column":0},"end":{"line":174,"column":81}},"174":{"start":{"line":175,"column":0},"end":{"line":175,"column":47}},"175":{"start":{"line":176,"column":0},"end":{"line":176,"column":45}},"176":{"start":{"line":177,"column":0},"end":{"line":177,"column":8}},"177":{"start":{"line":178,"column":0},"end":{"line":178,"column":25}},"178":{"start":{"line":179,"column":0},"end":{"line":179,"column":29}},"179":{"start":{"line":180,"column":0},"end":{"line":180,"column":9}},"180":{"start":{"line":181,"column":0},"end":{"line":181,"column":5}},"181":{"start":{"line":182,"column":0},"end":{"line":182,"column":43}},"182":{"start":{"line":183,"column":0},"end":{"line":183,"column":28}},"183":{"start":{"line":184,"column":0},"end":{"line":184,"column":32}},"184":{"start":{"line":185,"column":0},"end":{"line":185,"column":5}},"185":{"start":{"line":186,"column":0},"end":{"line":186,"column":3}},"186":{"start":{"line":187,"column":0},"end":{"line":187,"column":0}},"187":{"start":{"line":188,"column":0},"end":{"line":188,"column":85}},"188":{"start":{"line":189,"column":0},"end":{"line":189,"column":44}},"189":{"start":{"line":190,"column":0},"end":{"line":190,"column":4}},"190":{"start":{"line":191,"column":0},"end":{"line":191,"column":83}},"191":{"start":{"line":192,"column":0},"end":{"line":192,"column":42}},"192":{"start":{"line":193,"column":0},"end":{"line":193,"column":4}},"193":{"start":{"line":194,"column":0},"end":{"line":194,"column":0}},"194":{"start":{"line":195,"column":0},"end":{"line":195,"column":0}},"195":{"start":{"line":196,"column":0},"end":{"line":196,"column":72}},"196":{"start":{"line":197,"column":0},"end":{"line":197,"column":77}},"197":{"start":{"line":198,"column":0},"end":{"line":198,"column":30}},"198":{"start":{"line":199,"column":0},"end":{"line":199,"column":36}},"199":{"start":{"line":200,"column":0},"end":{"line":200,"column":4}},"200":{"start":{"line":201,"column":0},"end":{"line":201,"column":55}},"201":{"start":{"line":202,"column":0},"end":{"line":202,"column":27}},"202":{"start":{"line":203,"column":0},"end":{"line":203,"column":4}},"203":{"start":{"line":204,"column":0},"end":{"line":204,"column":0}},"204":{"start":{"line":205,"column":0},"end":{"line":205,"column":73}},"205":{"start":{"line":206,"column":0},"end":{"line":206,"column":19}},"206":{"start":{"line":207,"column":0},"end":{"line":207,"column":9}},"207":{"start":{"line":208,"column":0},"end":{"line":208,"column":57}},"208":{"start":{"line":209,"column":0},"end":{"line":209,"column":47}},"209":{"start":{"line":210,"column":0},"end":{"line":210,"column":38}},"210":{"start":{"line":211,"column":0},"end":{"line":211,"column":37}},"211":{"start":{"line":212,"column":0},"end":{"line":212,"column":10}},"212":{"start":{"line":213,"column":0},"end":{"line":213,"column":8}},"213":{"start":{"line":214,"column":0},"end":{"line":214,"column":25}},"214":{"start":{"line":215,"column":0},"end":{"line":215,"column":29}},"215":{"start":{"line":216,"column":0},"end":{"line":216,"column":9}},"216":{"start":{"line":217,"column":0},"end":{"line":217,"column":31}},"217":{"start":{"line":218,"column":0},"end":{"line":218,"column":0}},"218":{"start":{"line":219,"column":0},"end":{"line":219,"column":71}},"219":{"start":{"line":220,"column":0},"end":{"line":220,"column":57}},"220":{"start":{"line":221,"column":0},"end":{"line":221,"column":54}},"221":{"start":{"line":222,"column":0},"end":{"line":222,"column":38}},"222":{"start":{"line":223,"column":0},"end":{"line":223,"column":31}},"223":{"start":{"line":224,"column":0},"end":{"line":224,"column":97}},"224":{"start":{"line":225,"column":0},"end":{"line":225,"column":43}},"225":{"start":{"line":226,"column":0},"end":{"line":226,"column":31}},"226":{"start":{"line":227,"column":0},"end":{"line":227,"column":77}},"227":{"start":{"line":228,"column":0},"end":{"line":228,"column":41}},"228":{"start":{"line":229,"column":0},"end":{"line":229,"column":87}},"229":{"start":{"line":230,"column":0},"end":{"line":230,"column":66}},"230":{"start":{"line":231,"column":0},"end":{"line":231,"column":55}},"231":{"start":{"line":232,"column":0},"end":{"line":232,"column":55}},"232":{"start":{"line":233,"column":0},"end":{"line":233,"column":39}},"233":{"start":{"line":234,"column":0},"end":{"line":234,"column":9}},"234":{"start":{"line":235,"column":0},"end":{"line":235,"column":7}},"235":{"start":{"line":236,"column":0},"end":{"line":236,"column":5}},"236":{"start":{"line":237,"column":0},"end":{"line":237,"column":55}},"237":{"start":{"line":238,"column":0},"end":{"line":238,"column":38}},"238":{"start":{"line":239,"column":0},"end":{"line":239,"column":31}},"239":{"start":{"line":240,"column":0},"end":{"line":240,"column":104}},"240":{"start":{"line":241,"column":0},"end":{"line":241,"column":43}},"241":{"start":{"line":242,"column":0},"end":{"line":242,"column":31}},"242":{"start":{"line":243,"column":0},"end":{"line":243,"column":77}},"243":{"start":{"line":244,"column":0},"end":{"line":244,"column":41}},"244":{"start":{"line":245,"column":0},"end":{"line":245,"column":94}},"245":{"start":{"line":246,"column":0},"end":{"line":246,"column":73}},"246":{"start":{"line":247,"column":0},"end":{"line":247,"column":55}},"247":{"start":{"line":248,"column":0},"end":{"line":248,"column":55}},"248":{"start":{"line":249,"column":0},"end":{"line":249,"column":39}},"249":{"start":{"line":250,"column":0},"end":{"line":250,"column":9}},"250":{"start":{"line":251,"column":0},"end":{"line":251,"column":7}},"251":{"start":{"line":252,"column":0},"end":{"line":252,"column":5}},"252":{"start":{"line":253,"column":0},"end":{"line":253,"column":53}},"253":{"start":{"line":254,"column":0},"end":{"line":254,"column":38}},"254":{"start":{"line":255,"column":0},"end":{"line":255,"column":31}},"255":{"start":{"line":256,"column":0},"end":{"line":256,"column":105}},"256":{"start":{"line":257,"column":0},"end":{"line":257,"column":43}},"257":{"start":{"line":258,"column":0},"end":{"line":258,"column":31}},"258":{"start":{"line":259,"column":0},"end":{"line":259,"column":77}},"259":{"start":{"line":260,"column":0},"end":{"line":260,"column":41}},"260":{"start":{"line":261,"column":0},"end":{"line":261,"column":95}},"261":{"start":{"line":262,"column":0},"end":{"line":262,"column":74}},"262":{"start":{"line":263,"column":0},"end":{"line":263,"column":53}},"263":{"start":{"line":264,"column":0},"end":{"line":264,"column":39}},"264":{"start":{"line":265,"column":0},"end":{"line":265,"column":9}},"265":{"start":{"line":266,"column":0},"end":{"line":266,"column":7}},"266":{"start":{"line":267,"column":0},"end":{"line":267,"column":59}},"267":{"start":{"line":268,"column":0},"end":{"line":268,"column":38}},"268":{"start":{"line":269,"column":0},"end":{"line":269,"column":31}},"269":{"start":{"line":270,"column":0},"end":{"line":270,"column":97}},"270":{"start":{"line":271,"column":0},"end":{"line":271,"column":43}},"271":{"start":{"line":272,"column":0},"end":{"line":272,"column":31}},"272":{"start":{"line":273,"column":0},"end":{"line":273,"column":77}},"273":{"start":{"line":274,"column":0},"end":{"line":274,"column":41}},"274":{"start":{"line":275,"column":0},"end":{"line":275,"column":87}},"275":{"start":{"line":276,"column":0},"end":{"line":276,"column":66}},"276":{"start":{"line":277,"column":0},"end":{"line":277,"column":53}},"277":{"start":{"line":278,"column":0},"end":{"line":278,"column":39}},"278":{"start":{"line":279,"column":0},"end":{"line":279,"column":9}},"279":{"start":{"line":280,"column":0},"end":{"line":280,"column":7}},"280":{"start":{"line":281,"column":0},"end":{"line":281,"column":5}},"281":{"start":{"line":282,"column":0},"end":{"line":282,"column":4}},"282":{"start":{"line":283,"column":0},"end":{"line":283,"column":0}},"283":{"start":{"line":284,"column":0},"end":{"line":284,"column":76}},"284":{"start":{"line":285,"column":0},"end":{"line":285,"column":19}},"285":{"start":{"line":286,"column":0},"end":{"line":286,"column":83}},"286":{"start":{"line":287,"column":0},"end":{"line":287,"column":86}},"287":{"start":{"line":288,"column":0},"end":{"line":288,"column":24}},"288":{"start":{"line":289,"column":0},"end":{"line":289,"column":57}},"289":{"start":{"line":290,"column":0},"end":{"line":290,"column":7}},"290":{"start":{"line":291,"column":0},"end":{"line":291,"column":5}},"291":{"start":{"line":292,"column":0},"end":{"line":292,"column":30}},"292":{"start":{"line":293,"column":0},"end":{"line":293,"column":0}},"293":{"start":{"line":294,"column":0},"end":{"line":294,"column":10}},"294":{"start":{"line":295,"column":0},"end":{"line":295,"column":6}},"295":{"start":{"line":296,"column":0},"end":{"line":296,"column":65}},"296":{"start":{"line":297,"column":0},"end":{"line":297,"column":0}},"297":{"start":{"line":298,"column":0},"end":{"line":298,"column":148}},"298":{"start":{"line":299,"column":0},"end":{"line":299,"column":59}},"299":{"start":{"line":300,"column":0},"end":{"line":300,"column":48}},"300":{"start":{"line":301,"column":0},"end":{"line":301,"column":39}},"301":{"start":{"line":302,"column":0},"end":{"line":302,"column":106}},"302":{"start":{"line":303,"column":0},"end":{"line":303,"column":20}},"303":{"start":{"line":304,"column":0},"end":{"line":304,"column":48}},"304":{"start":{"line":305,"column":0},"end":{"line":305,"column":48}},"305":{"start":{"line":306,"column":0},"end":{"line":306,"column":53}},"306":{"start":{"line":307,"column":0},"end":{"line":307,"column":62}},"307":{"start":{"line":308,"column":0},"end":{"line":308,"column":22}},"308":{"start":{"line":309,"column":0},"end":{"line":309,"column":39}},"309":{"start":{"line":310,"column":0},"end":{"line":310,"column":284}},"310":{"start":{"line":311,"column":0},"end":{"line":311,"column":96}},"311":{"start":{"line":312,"column":0},"end":{"line":312,"column":180}},"312":{"start":{"line":313,"column":0},"end":{"line":313,"column":22}},"313":{"start":{"line":314,"column":0},"end":{"line":314,"column":20}},"314":{"start":{"line":315,"column":0},"end":{"line":315,"column":48}},"315":{"start":{"line":316,"column":0},"end":{"line":316,"column":48}},"316":{"start":{"line":317,"column":0},"end":{"line":317,"column":53}},"317":{"start":{"line":318,"column":0},"end":{"line":318,"column":63}},"318":{"start":{"line":319,"column":0},"end":{"line":319,"column":22}},"319":{"start":{"line":320,"column":0},"end":{"line":320,"column":39}},"320":{"start":{"line":321,"column":0},"end":{"line":321,"column":277}},"321":{"start":{"line":322,"column":0},"end":{"line":322,"column":94}},"322":{"start":{"line":323,"column":0},"end":{"line":323,"column":177}},"323":{"start":{"line":324,"column":0},"end":{"line":324,"column":22}},"324":{"start":{"line":325,"column":0},"end":{"line":325,"column":20}},"325":{"start":{"line":326,"column":0},"end":{"line":326,"column":48}},"326":{"start":{"line":327,"column":0},"end":{"line":327,"column":48}},"327":{"start":{"line":328,"column":0},"end":{"line":328,"column":54}},"328":{"start":{"line":329,"column":0},"end":{"line":329,"column":62}},"329":{"start":{"line":330,"column":0},"end":{"line":330,"column":22}},"330":{"start":{"line":331,"column":0},"end":{"line":331,"column":39}},"331":{"start":{"line":332,"column":0},"end":{"line":332,"column":291}},"332":{"start":{"line":333,"column":0},"end":{"line":333,"column":98}},"333":{"start":{"line":334,"column":0},"end":{"line":334,"column":183}},"334":{"start":{"line":335,"column":0},"end":{"line":335,"column":22}},"335":{"start":{"line":336,"column":0},"end":{"line":336,"column":20}},"336":{"start":{"line":337,"column":0},"end":{"line":337,"column":50}},"337":{"start":{"line":338,"column":0},"end":{"line":338,"column":47}},"338":{"start":{"line":339,"column":0},"end":{"line":339,"column":54}},"339":{"start":{"line":340,"column":0},"end":{"line":340,"column":48}},"340":{"start":{"line":341,"column":0},"end":{"line":341,"column":22}},"341":{"start":{"line":342,"column":0},"end":{"line":342,"column":170}},"342":{"start":{"line":343,"column":0},"end":{"line":343,"column":55}},"343":{"start":{"line":344,"column":0},"end":{"line":344,"column":22}},"344":{"start":{"line":345,"column":0},"end":{"line":345,"column":20}},"345":{"start":{"line":346,"column":0},"end":{"line":346,"column":39}},"346":{"start":{"line":347,"column":0},"end":{"line":347,"column":139}},"347":{"start":{"line":348,"column":0},"end":{"line":348,"column":20}},"348":{"start":{"line":349,"column":0},"end":{"line":349,"column":18}},"349":{"start":{"line":350,"column":0},"end":{"line":350,"column":25}},"350":{"start":{"line":351,"column":0},"end":{"line":351,"column":10}},"351":{"start":{"line":352,"column":0},"end":{"line":352,"column":0}},"352":{"start":{"line":353,"column":0},"end":{"line":353,"column":39}},"353":{"start":{"line":354,"column":0},"end":{"line":354,"column":15}},"354":{"start":{"line":355,"column":0},"end":{"line":355,"column":40}},"355":{"start":{"line":356,"column":0},"end":{"line":356,"column":39}},"356":{"start":{"line":357,"column":0},"end":{"line":357,"column":193}},"357":{"start":{"line":358,"column":0},"end":{"line":358,"column":225}},"358":{"start":{"line":359,"column":0},"end":{"line":359,"column":125}},"359":{"start":{"line":360,"column":0},"end":{"line":360,"column":99}},"360":{"start":{"line":361,"column":0},"end":{"line":361,"column":104}},"361":{"start":{"line":362,"column":0},"end":{"line":362,"column":52}},"362":{"start":{"line":363,"column":0},"end":{"line":363,"column":38}},"363":{"start":{"line":364,"column":0},"end":{"line":364,"column":22}},"364":{"start":{"line":365,"column":0},"end":{"line":365,"column":99}},"365":{"start":{"line":366,"column":0},"end":{"line":366,"column":104}},"366":{"start":{"line":367,"column":0},"end":{"line":367,"column":52}},"367":{"start":{"line":368,"column":0},"end":{"line":368,"column":41}},"368":{"start":{"line":369,"column":0},"end":{"line":369,"column":22}},"369":{"start":{"line":370,"column":0},"end":{"line":370,"column":29}},"370":{"start":{"line":371,"column":0},"end":{"line":371,"column":18}},"371":{"start":{"line":372,"column":0},"end":{"line":372,"column":135}},"372":{"start":{"line":373,"column":0},"end":{"line":373,"column":104}},"373":{"start":{"line":374,"column":0},"end":{"line":374,"column":49}},"374":{"start":{"line":375,"column":0},"end":{"line":375,"column":82}},"375":{"start":{"line":376,"column":0},"end":{"line":376,"column":20}},"376":{"start":{"line":377,"column":0},"end":{"line":377,"column":102}},"377":{"start":{"line":378,"column":0},"end":{"line":378,"column":52}},"378":{"start":{"line":379,"column":0},"end":{"line":379,"column":68}},"379":{"start":{"line":380,"column":0},"end":{"line":380,"column":20}},"380":{"start":{"line":381,"column":0},"end":{"line":381,"column":18}},"381":{"start":{"line":382,"column":0},"end":{"line":382,"column":16}},"382":{"start":{"line":383,"column":0},"end":{"line":383,"column":35}},"383":{"start":{"line":384,"column":0},"end":{"line":384,"column":37}},"384":{"start":{"line":385,"column":0},"end":{"line":385,"column":50}},"385":{"start":{"line":386,"column":0},"end":{"line":386,"column":129}},"386":{"start":{"line":387,"column":0},"end":{"line":387,"column":71}},"387":{"start":{"line":388,"column":0},"end":{"line":388,"column":87}},"388":{"start":{"line":389,"column":0},"end":{"line":389,"column":65}},"389":{"start":{"line":390,"column":0},"end":{"line":390,"column":77}},"390":{"start":{"line":391,"column":0},"end":{"line":391,"column":35}},"391":{"start":{"line":392,"column":0},"end":{"line":392,"column":63}},"392":{"start":{"line":393,"column":0},"end":{"line":393,"column":16}},"393":{"start":{"line":394,"column":0},"end":{"line":394,"column":89}},"394":{"start":{"line":395,"column":0},"end":{"line":395,"column":110}},"395":{"start":{"line":396,"column":0},"end":{"line":396,"column":79}},"396":{"start":{"line":397,"column":0},"end":{"line":397,"column":58}},"397":{"start":{"line":398,"column":0},"end":{"line":398,"column":48}},"398":{"start":{"line":399,"column":0},"end":{"line":399,"column":23}},"399":{"start":{"line":400,"column":0},"end":{"line":400,"column":54}},"400":{"start":{"line":401,"column":0},"end":{"line":401,"column":110}},"401":{"start":{"line":402,"column":0},"end":{"line":402,"column":79}},"402":{"start":{"line":403,"column":0},"end":{"line":403,"column":58}},"403":{"start":{"line":404,"column":0},"end":{"line":404,"column":48}},"404":{"start":{"line":405,"column":0},"end":{"line":405,"column":23}},"405":{"start":{"line":406,"column":0},"end":{"line":406,"column":17}},"406":{"start":{"line":407,"column":0},"end":{"line":407,"column":17}},"407":{"start":{"line":408,"column":0},"end":{"line":408,"column":16}},"408":{"start":{"line":409,"column":0},"end":{"line":409,"column":10}},"409":{"start":{"line":410,"column":0},"end":{"line":410,"column":16}},"410":{"start":{"line":411,"column":0},"end":{"line":411,"column":35}},"411":{"start":{"line":412,"column":0},"end":{"line":412,"column":52}},"412":{"start":{"line":413,"column":0},"end":{"line":413,"column":178}},"413":{"start":{"line":414,"column":0},"end":{"line":414,"column":83}},"414":{"start":{"line":415,"column":0},"end":{"line":415,"column":62}},"415":{"start":{"line":416,"column":0},"end":{"line":416,"column":33}},"416":{"start":{"line":417,"column":0},"end":{"line":417,"column":85}},"417":{"start":{"line":418,"column":0},"end":{"line":418,"column":16}},"418":{"start":{"line":419,"column":0},"end":{"line":419,"column":91}},"419":{"start":{"line":420,"column":0},"end":{"line":420,"column":90}},"420":{"start":{"line":421,"column":0},"end":{"line":421,"column":79}},"421":{"start":{"line":422,"column":0},"end":{"line":422,"column":58}},"422":{"start":{"line":423,"column":0},"end":{"line":423,"column":48}},"423":{"start":{"line":424,"column":0},"end":{"line":424,"column":23}},"424":{"start":{"line":425,"column":0},"end":{"line":425,"column":54}},"425":{"start":{"line":426,"column":0},"end":{"line":426,"column":90}},"426":{"start":{"line":427,"column":0},"end":{"line":427,"column":79}},"427":{"start":{"line":428,"column":0},"end":{"line":428,"column":58}},"428":{"start":{"line":429,"column":0},"end":{"line":429,"column":48}},"429":{"start":{"line":430,"column":0},"end":{"line":430,"column":23}},"430":{"start":{"line":431,"column":0},"end":{"line":431,"column":17}},"431":{"start":{"line":432,"column":0},"end":{"line":432,"column":17}},"432":{"start":{"line":433,"column":0},"end":{"line":433,"column":16}},"433":{"start":{"line":434,"column":0},"end":{"line":434,"column":10}},"434":{"start":{"line":435,"column":0},"end":{"line":435,"column":16}},"435":{"start":{"line":436,"column":0},"end":{"line":436,"column":32}},"436":{"start":{"line":437,"column":0},"end":{"line":437,"column":39}},"437":{"start":{"line":438,"column":0},"end":{"line":438,"column":51}},"438":{"start":{"line":439,"column":0},"end":{"line":439,"column":65}},"439":{"start":{"line":440,"column":0},"end":{"line":440,"column":18}},"440":{"start":{"line":441,"column":0},"end":{"line":441,"column":50}},"441":{"start":{"line":442,"column":0},"end":{"line":442,"column":37}},"442":{"start":{"line":443,"column":0},"end":{"line":443,"column":51}},"443":{"start":{"line":444,"column":0},"end":{"line":444,"column":62}},"444":{"start":{"line":445,"column":0},"end":{"line":445,"column":18}},"445":{"start":{"line":446,"column":0},"end":{"line":446,"column":16}},"446":{"start":{"line":447,"column":0},"end":{"line":447,"column":33}},"447":{"start":{"line":448,"column":0},"end":{"line":448,"column":14}},"448":{"start":{"line":449,"column":0},"end":{"line":449,"column":45}},"449":{"start":{"line":450,"column":0},"end":{"line":450,"column":83}},"450":{"start":{"line":451,"column":0},"end":{"line":451,"column":85}},"451":{"start":{"line":452,"column":0},"end":{"line":452,"column":51}},"452":{"start":{"line":453,"column":0},"end":{"line":453,"column":18}},"453":{"start":{"line":454,"column":0},"end":{"line":454,"column":45}},"454":{"start":{"line":455,"column":0},"end":{"line":455,"column":16}},"455":{"start":{"line":456,"column":0},"end":{"line":456,"column":12}},"456":{"start":{"line":457,"column":0},"end":{"line":457,"column":7}},"457":{"start":{"line":458,"column":0},"end":{"line":458,"column":3}},"458":{"start":{"line":459,"column":0},"end":{"line":459,"column":1}}},"s":{"0":1,"1":1,"2":1,"3":1,"4":1,"5":1,"6":1,"7":32,"8":32,"9":32,"10":32,"11":32,"12":32,"13":32,"14":32,"15":32,"16":32,"17":32,"18":32,"19":32,"20":32,"21":32,"22":32,"23":32,"24":32,"25":32,"26":32,"27":32,"28":32,"29":32,"30":32,"31":32,"32":32,"33":32,"34":32,"35":32,"36":32,"37":32,"38":32,"39":32,"40":32,"41":32,"42":32,"43":32,"44":32,"45":32,"46":32,"47":32,"48":32,"49":32,"50":32,"51":32,"52":32,"53":32,"54":32,"55":32,"56":32,"57":32,"58":32,"59":32,"60":32,"61":32,"62":32,"63":32,"64":32,"65":32,"66":32,"67":32,"68":32,"69":32,"70":32,"71":32,"72":32,"73":32,"74":32,"75":32,"76":32,"77":32,"78":32,"79":32,"80":32,"81":32,"82":32,"83":32,"84":32,"85":32,"86":32,"87":32,"88":32,"89":32,"90":32,"91":32,"92":32,"93":32,"94":32,"95":32,"96":32,"97":32,"98":32,"99":32,"100":32,"101":32,"102":32,"103":32,"104":32,"105":32,"106":32,"107":32,"108":32,"109":32,"110":32,"111":32,"112":32,"113":32,"114":32,"115":32,"116":32,"117":32,"118":1,"119":0,"120":0,"121":0,"122":0,"123":1,"124":1,"125":1,"126":32,"127":0,"128":0,"129":0,"130":0,"131":0,"132":0,"133":0,"134":0,"135":0,"136":0,"137":0,"138":0,"139":0,"140":0,"141":0,"142":0,"143":0,"144":0,"145":32,"146":32,"147":32,"148":0,"149":0,"150":0,"151":0,"152":0,"153":0,"154":0,"155":0,"156":0,"157":0,"158":0,"159":0,"160":0,"161":0,"162":0,"163":0,"164":0,"165":0,"166":32,"167":32,"168":0,"169":0,"170":0,"171":0,"172":0,"173":0,"174":0,"175":0,"176":0,"177":0,"178":0,"179":0,"180":0,"181":0,"182":0,"183":0,"184":0,"185":0,"186":32,"187":32,"188":0,"189":0,"190":32,"191":0,"192":0,"193":32,"194":32,"195":32,"196":32,"197":0,"198":0,"199":0,"200":32,"201":0,"202":0,"203":32,"204":32,"205":32,"206":10,"207":10,"208":10,"209":0,"210":0,"211":0,"212":10,"213":10,"214":0,"215":10,"216":32,"217":32,"218":32,"219":32,"220":0,"221":0,"222":0,"223":0,"224":0,"225":0,"226":0,"227":0,"228":0,"229":0,"230":0,"231":0,"232":0,"233":0,"234":0,"235":0,"236":0,"237":0,"238":0,"239":0,"240":0,"241":0,"242":0,"243":0,"244":0,"245":0,"246":0,"247":0,"248":0,"249":0,"250":0,"251":0,"252":0,"253":0,"254":0,"255":0,"256":0,"257":0,"258":0,"259":0,"260":0,"261":0,"262":0,"263":0,"264":0,"265":0,"266":0,"267":0,"268":0,"269":0,"270":0,"271":0,"272":0,"273":0,"274":0,"275":0,"276":0,"277":0,"278":0,"279":0,"280":0,"281":0,"282":32,"283":32,"284":32,"285":10,"286":0,"287":0,"288":0,"289":0,"290":0,"291":32,"292":32,"293":32,"294":32,"295":32,"296":32,"297":32,"298":17,"299":17,"300":17,"301":17,"302":17,"303":17,"304":17,"305":17,"306":17,"307":17,"308":17,"309":17,"310":17,"311":17,"312":17,"313":17,"314":17,"315":17,"316":17,"317":17,"318":17,"319":17,"320":17,"321":17,"322":17,"323":17,"324":17,"325":17,"326":17,"327":17,"328":17,"329":17,"330":17,"331":17,"332":17,"333":17,"334":17,"335":17,"336":17,"337":17,"338":17,"339":17,"340":17,"341":17,"342":17,"343":17,"344":17,"345":17,"346":17,"347":17,"348":17,"349":32,"350":32,"351":32,"352":32,"353":32,"354":32,"355":32,"356":32,"357":32,"358":32,"359":2,"360":2,"361":2,"362":2,"363":2,"364":2,"365":2,"366":2,"367":2,"368":2,"369":32,"370":32,"371":32,"372":32,"373":32,"374":32,"375":32,"376":32,"377":32,"378":32,"379":32,"380":32,"381":32,"382":32,"383":32,"384":32,"385":32,"386":32,"387":32,"388":32,"389":32,"390":32,"391":1,"392":1,"393":1,"394":0,"395":0,"396":0,"397":0,"398":0,"399":1,"400":0,"401":0,"402":0,"403":0,"404":0,"405":1,"406":1,"407":1,"408":32,"409":32,"410":32,"411":32,"412":32,"413":32,"414":32,"415":32,"416":0,"417":0,"418":0,"419":0,"420":0,"421":0,"422":0,"423":0,"424":0,"425":0,"426":0,"427":0,"428":0,"429":0,"430":0,"431":0,"432":0,"433":32,"434":32,"435":32,"436":32,"437":32,"438":32,"439":32,"440":32,"441":32,"442":32,"443":32,"444":32,"445":32,"446":32,"447":32,"448":32,"449":32,"450":32,"451":32,"452":32,"453":32,"454":32,"455":32,"456":32,"457":32,"458":32},"branchMap":{"0":{"type":"branch","line":7,"loc":{"start":{"line":7,"column":35},"end":{"line":459,"column":1}},"locations":[{"start":{"line":7,"column":35},"end":{"line":459,"column":1}}]},"1":{"type":"branch","line":82,"loc":{"start":{"line":82,"column":19},"end":{"line":82,"column":92}},"locations":[{"start":{"line":82,"column":19},"end":{"line":82,"column":92}}]},"2":{"type":"branch","line":82,"loc":{"start":{"line":82,"column":77},"end":{"line":82,"column":94}},"locations":[{"start":{"line":82,"column":77},"end":{"line":82,"column":94}}]},"3":{"type":"branch","line":83,"loc":{"start":{"line":83,"column":20},"end":{"line":83,"column":65}},"locations":[{"start":{"line":83,"column":20},"end":{"line":83,"column":65}}]},"4":{"type":"branch","line":83,"loc":{"start":{"line":83,"column":49},"end":{"line":83,"column":96}},"locations":[{"start":{"line":83,"column":49},"end":{"line":83,"column":96}}]},"5":{"type":"branch","line":83,"loc":{"start":{"line":83,"column":83},"end":{"line":83,"column":98}},"locations":[{"start":{"line":83,"column":83},"end":{"line":83,"column":98}}]},"6":{"type":"branch","line":95,"loc":{"start":{"line":95,"column":26},"end":{"line":95,"column":113}},"locations":[{"start":{"line":95,"column":26},"end":{"line":95,"column":113}}]},"7":{"type":"branch","line":95,"loc":{"start":{"line":95,"column":98},"end":{"line":95,"column":115}},"locations":[{"start":{"line":95,"column":98},"end":{"line":95,"column":115}}]},"8":{"type":"branch","line":96,"loc":{"start":{"line":96,"column":27},"end":{"line":96,"column":79}},"locations":[{"start":{"line":96,"column":27},"end":{"line":96,"column":79}}]},"9":{"type":"branch","line":96,"loc":{"start":{"line":96,"column":63},"end":{"line":96,"column":175}},"locations":[{"start":{"line":96,"column":63},"end":{"line":96,"column":175}}]},"10":{"type":"branch","line":96,"loc":{"start":{"line":96,"column":169},"end":{"line":96,"column":177}},"locations":[{"start":{"line":96,"column":169},"end":{"line":96,"column":177}}]},"11":{"type":"branch","line":100,"loc":{"start":{"line":100,"column":24},"end":{"line":100,"column":107}},"locations":[{"start":{"line":100,"column":24},"end":{"line":100,"column":107}}]},"12":{"type":"branch","line":100,"loc":{"start":{"line":100,"column":92},"end":{"line":100,"column":109}},"locations":[{"start":{"line":100,"column":92},"end":{"line":100,"column":109}}]},"13":{"type":"branch","line":101,"loc":{"start":{"line":101,"column":25},"end":{"line":101,"column":75}},"locations":[{"start":{"line":101,"column":25},"end":{"line":101,"column":75}}]},"14":{"type":"branch","line":101,"loc":{"start":{"line":101,"column":59},"end":{"line":101,"column":167}},"locations":[{"start":{"line":101,"column":59},"end":{"line":101,"column":167}}]},"15":{"type":"branch","line":101,"loc":{"start":{"line":101,"column":161},"end":{"line":101,"column":169}},"locations":[{"start":{"line":101,"column":161},"end":{"line":101,"column":169}}]},"16":{"type":"branch","line":298,"loc":{"start":{"line":298,"column":5},"end":{"line":350,"column":20}},"locations":[{"start":{"line":298,"column":5},"end":{"line":350,"column":20}}]},"17":{"type":"branch","line":310,"loc":{"start":{"line":310,"column":116},"end":{"line":310,"column":139}},"locations":[{"start":{"line":310,"column":116},"end":{"line":310,"column":139}}]},"18":{"type":"branch","line":310,"loc":{"start":{"line":310,"column":120},"end":{"line":310,"column":143}},"locations":[{"start":{"line":310,"column":120},"end":{"line":310,"column":143}}]},"19":{"type":"branch","line":321,"loc":{"start":{"line":321,"column":114},"end":{"line":321,"column":137}},"locations":[{"start":{"line":321,"column":114},"end":{"line":321,"column":137}}]},"20":{"type":"branch","line":321,"loc":{"start":{"line":321,"column":118},"end":{"line":321,"column":141}},"locations":[{"start":{"line":321,"column":118},"end":{"line":321,"column":141}}]},"21":{"type":"branch","line":332,"loc":{"start":{"line":332,"column":118},"end":{"line":332,"column":141}},"locations":[{"start":{"line":332,"column":118},"end":{"line":332,"column":141}}]},"22":{"type":"branch","line":332,"loc":{"start":{"line":332,"column":122},"end":{"line":332,"column":145}},"locations":[{"start":{"line":332,"column":122},"end":{"line":332,"column":145}}]},"23":{"type":"branch","line":342,"loc":{"start":{"line":342,"column":69},"end":{"line":342,"column":92}},"locations":[{"start":{"line":342,"column":69},"end":{"line":342,"column":92}}]},"24":{"type":"branch","line":342,"loc":{"start":{"line":342,"column":80},"end":{"line":342,"column":109}},"locations":[{"start":{"line":342,"column":80},"end":{"line":342,"column":109}}]},"25":{"type":"branch","line":350,"loc":{"start":{"line":350,"column":10},"end":{"line":350,"column":25}},"locations":[{"start":{"line":350,"column":10},"end":{"line":350,"column":25}}]},"26":{"type":"branch","line":357,"loc":{"start":{"line":357,"column":161},"end":{"line":357,"column":186}},"locations":[{"start":{"line":357,"column":161},"end":{"line":357,"column":186}}]},"27":{"type":"branch","line":358,"loc":{"start":{"line":358,"column":71},"end":{"line":358,"column":107}},"locations":[{"start":{"line":358,"column":71},"end":{"line":358,"column":107}}]},"28":{"type":"branch","line":358,"loc":{"start":{"line":358,"column":93},"end":{"line":358,"column":122}},"locations":[{"start":{"line":358,"column":93},"end":{"line":358,"column":122}}]},"29":{"type":"branch","line":359,"loc":{"start":{"line":359,"column":15},"end":{"line":370,"column":24}},"locations":[{"start":{"line":359,"column":15},"end":{"line":370,"column":24}}]},"30":{"type":"branch","line":360,"loc":{"start":{"line":360,"column":55},"end":{"line":360,"column":99}},"locations":[{"start":{"line":360,"column":55},"end":{"line":360,"column":99}}]},"31":{"type":"branch","line":365,"loc":{"start":{"line":365,"column":51},"end":{"line":365,"column":77}},"locations":[{"start":{"line":365,"column":51},"end":{"line":365,"column":77}}]},"32":{"type":"branch","line":370,"loc":{"start":{"line":370,"column":14},"end":{"line":370,"column":29}},"locations":[{"start":{"line":370,"column":14},"end":{"line":370,"column":29}}]},"33":{"type":"branch","line":391,"loc":{"start":{"line":391,"column":13},"end":{"line":408,"column":16}},"locations":[{"start":{"line":391,"column":13},"end":{"line":408,"column":16}}]},"34":{"type":"branch","line":394,"loc":{"start":{"line":394,"column":43},"end":{"line":400,"column":20}},"locations":[{"start":{"line":394,"column":43},"end":{"line":400,"column":20}}]},"35":{"type":"branch","line":416,"loc":{"start":{"line":416,"column":13},"end":{"line":433,"column":16}},"locations":[{"start":{"line":416,"column":13},"end":{"line":433,"column":16}}]},"36":{"type":"branch","line":450,"loc":{"start":{"line":450,"column":28},"end":{"line":450,"column":66}},"locations":[{"start":{"line":450,"column":28},"end":{"line":450,"column":66}}]},"37":{"type":"branch","line":118,"loc":{"start":{"line":118,"column":30},"end":{"line":126,"column":3}},"locations":[{"start":{"line":118,"column":30},"end":{"line":126,"column":3}}]},"38":{"type":"branch","line":119,"loc":{"start":{"line":119,"column":27},"end":{"line":124,"column":15}},"locations":[{"start":{"line":119,"column":27},"end":{"line":124,"column":15}}]},"39":{"type":"branch","line":206,"loc":{"start":{"line":206,"column":12},"end":{"line":217,"column":5}},"locations":[{"start":{"line":206,"column":12},"end":{"line":217,"column":5}}]},"40":{"type":"branch","line":285,"loc":{"start":{"line":285,"column":12},"end":{"line":292,"column":5}},"locations":[{"start":{"line":285,"column":12},"end":{"line":292,"column":5}}]},"41":{"type":"branch","line":286,"loc":{"start":{"line":286,"column":33},"end":{"line":286,"column":82}},"locations":[{"start":{"line":286,"column":33},"end":{"line":286,"column":82}}]},"42":{"type":"branch","line":286,"loc":{"start":{"line":286,"column":82},"end":{"line":291,"column":5}},"locations":[{"start":{"line":286,"column":82},"end":{"line":291,"column":5}}]},"43":{"type":"branch","line":310,"loc":{"start":{"line":310,"column":152},"end":{"line":310,"column":282}},"locations":[{"start":{"line":310,"column":152},"end":{"line":310,"column":282}}]},"44":{"type":"branch","line":310,"loc":{"start":{"line":310,"column":204},"end":{"line":310,"column":280}},"locations":[{"start":{"line":310,"column":204},"end":{"line":310,"column":280}}]},"45":{"type":"branch","line":312,"loc":{"start":{"line":312,"column":97},"end":{"line":312,"column":178}},"locations":[{"start":{"line":312,"column":97},"end":{"line":312,"column":178}}]},"46":{"type":"branch","line":321,"loc":{"start":{"line":321,"column":150},"end":{"line":321,"column":275}},"locations":[{"start":{"line":321,"column":150},"end":{"line":321,"column":275}}]},"47":{"type":"branch","line":321,"loc":{"start":{"line":321,"column":199},"end":{"line":321,"column":273}},"locations":[{"start":{"line":321,"column":199},"end":{"line":321,"column":273}}]},"48":{"type":"branch","line":323,"loc":{"start":{"line":323,"column":96},"end":{"line":323,"column":175}},"locations":[{"start":{"line":323,"column":96},"end":{"line":323,"column":175}}]},"49":{"type":"branch","line":332,"loc":{"start":{"line":332,"column":154},"end":{"line":332,"column":289}},"locations":[{"start":{"line":332,"column":154},"end":{"line":332,"column":289}}]},"50":{"type":"branch","line":332,"loc":{"start":{"line":332,"column":177},"end":{"line":332,"column":214}},"locations":[{"start":{"line":332,"column":177},"end":{"line":332,"column":214}}]},"51":{"type":"branch","line":332,"loc":{"start":{"line":332,"column":209},"end":{"line":332,"column":287}},"locations":[{"start":{"line":332,"column":209},"end":{"line":332,"column":287}}]},"52":{"type":"branch","line":334,"loc":{"start":{"line":334,"column":98},"end":{"line":334,"column":181}},"locations":[{"start":{"line":334,"column":98},"end":{"line":334,"column":181}}]},"53":{"type":"branch","line":342,"loc":{"start":{"line":342,"column":118},"end":{"line":342,"column":170}},"locations":[{"start":{"line":342,"column":118},"end":{"line":342,"column":170}}]},"54":{"type":"branch","line":342,"loc":{"start":{"line":342,"column":125},"end":{"line":342,"column":153}},"locations":[{"start":{"line":342,"column":125},"end":{"line":342,"column":153}}]},"55":{"type":"branch","line":342,"loc":{"start":{"line":342,"column":149},"end":{"line":342,"column":167}},"locations":[{"start":{"line":342,"column":149},"end":{"line":342,"column":167}}]},"56":{"type":"branch","line":347,"loc":{"start":{"line":347,"column":75},"end":{"line":347,"column":123}},"locations":[{"start":{"line":347,"column":75},"end":{"line":347,"column":123}}]},"57":{"type":"branch","line":358,"loc":{"start":{"line":358,"column":131},"end":{"line":358,"column":223}},"locations":[{"start":{"line":358,"column":131},"end":{"line":358,"column":223}}]},"58":{"type":"branch","line":358,"loc":{"start":{"line":358,"column":138},"end":{"line":358,"column":192}},"locations":[{"start":{"line":358,"column":138},"end":{"line":358,"column":192}}]},"59":{"type":"branch","line":358,"loc":{"start":{"line":358,"column":188},"end":{"line":358,"column":220}},"locations":[{"start":{"line":358,"column":188},"end":{"line":358,"column":220}}]},"60":{"type":"branch","line":372,"loc":{"start":{"line":372,"column":57},"end":{"line":372,"column":104}},"locations":[{"start":{"line":372,"column":57},"end":{"line":372,"column":104}}]}},"b":{"0":[32],"1":[22],"2":[10],"3":[22],"4":[22],"5":[10],"6":[22],"7":[10],"8":[22],"9":[22],"10":[10],"11":[22],"12":[10],"13":[22],"14":[22],"15":[10],"16":[17],"17":[10],"18":[7],"19":[13],"20":[4],"21":[14],"22":[3],"23":[2],"24":[15],"25":[15],"26":[0],"27":[2],"28":[30],"29":[2],"30":[0],"31":[0],"32":[30],"33":[1],"34":[0],"35":[0],"36":[0],"37":[1],"38":[0],"39":[10],"40":[10],"41":[0],"42":[0],"43":[1],"44":[0],"45":[3],"46":[1],"47":[0],"48":[1],"49":[2],"50":[1],"51":[1],"52":[2],"53":[3],"54":[1],"55":[2],"56":[1],"57":[3],"58":[1],"59":[2],"60":[6]},"fnMap":{"0":{"name":"SearchBar","decl":{"start":{"line":7,"column":35},"end":{"line":459,"column":1}},"loc":{"start":{"line":7,"column":35},"end":{"line":459,"column":1}},"line":7},"1":{"name":"handleTripFromFocus","decl":{"start":{"line":118,"column":30},"end":{"line":126,"column":3}},"loc":{"start":{"line":118,"column":30},"end":{"line":126,"column":3}},"line":118},"2":{"name":"handleTripToFocus","decl":{"start":{"line":127,"column":28},"end":{"line":145,"column":3}},"loc":{"start":{"line":127,"column":28},"end":{"line":145,"column":3}},"line":127},"3":{"name":"handleTypingInTripFromInput","decl":{"start":{"line":148,"column":38},"end":{"line":166,"column":3}},"loc":{"start":{"line":148,"column":38},"end":{"line":166,"column":3}},"line":148},"4":{"name":"handleTypingInTripToInput","decl":{"start":{"line":168,"column":36},"end":{"line":186,"column":3}},"loc":{"start":{"line":168,"column":36},"end":{"line":186,"column":3}},"line":168},"5":{"name":"handleInputTripFromChange","decl":{"start":{"line":188,"column":36},"end":{"line":190,"column":4}},"loc":{"start":{"line":188,"column":36},"end":{"line":190,"column":4}},"line":188},"6":{"name":"handleInputTripToChange","decl":{"start":{"line":191,"column":34},"end":{"line":193,"column":4}},"loc":{"start":{"line":191,"column":34},"end":{"line":193,"column":4}},"line":191},"7":{"name":"handleListItemTripFromClick","decl":{"start":{"line":197,"column":38},"end":{"line":200,"column":4}},"loc":{"start":{"line":197,"column":38},"end":{"line":200,"column":4}},"line":197},"8":{"name":"handleListItemTripToClick","decl":{"start":{"line":201,"column":36},"end":{"line":203,"column":4}},"loc":{"start":{"line":201,"column":36},"end":{"line":203,"column":4}},"line":201},"9":{"name":"handleKeyDown","decl":{"start":{"line":220,"column":24},"end":{"line":282,"column":4}},"loc":{"start":{"line":220,"column":24},"end":{"line":282,"column":4}},"line":220},"10":{"name":"onClick","decl":{"start":{"line":302,"column":57},"end":{"line":302,"column":104}},"loc":{"start":{"line":302,"column":57},"end":{"line":302,"column":104}},"line":302},"11":{"name":"onClick","decl":{"start":{"line":310,"column":152},"end":{"line":310,"column":282}},"loc":{"start":{"line":310,"column":152},"end":{"line":310,"column":282}},"line":310},"12":{"name":"onClick","decl":{"start":{"line":312,"column":97},"end":{"line":312,"column":178}},"loc":{"start":{"line":312,"column":97},"end":{"line":312,"column":178}},"line":312},"13":{"name":"onClick","decl":{"start":{"line":321,"column":150},"end":{"line":321,"column":275}},"loc":{"start":{"line":321,"column":150},"end":{"line":321,"column":275}},"line":321},"14":{"name":"onClick","decl":{"start":{"line":323,"column":96},"end":{"line":323,"column":175}},"loc":{"start":{"line":323,"column":96},"end":{"line":323,"column":175}},"line":323},"15":{"name":"onClick","decl":{"start":{"line":332,"column":154},"end":{"line":332,"column":289}},"loc":{"start":{"line":332,"column":154},"end":{"line":332,"column":289}},"line":332},"16":{"name":"onClick","decl":{"start":{"line":334,"column":98},"end":{"line":334,"column":181}},"loc":{"start":{"line":334,"column":98},"end":{"line":334,"column":181}},"line":334},"17":{"name":"onClick","decl":{"start":{"line":342,"column":118},"end":{"line":342,"column":170}},"loc":{"start":{"line":342,"column":118},"end":{"line":342,"column":170}},"line":342},"18":{"name":"onClick","decl":{"start":{"line":347,"column":75},"end":{"line":347,"column":123}},"loc":{"start":{"line":347,"column":75},"end":{"line":347,"column":123}},"line":347},"19":{"name":"onClick","decl":{"start":{"line":357,"column":45},"end":{"line":357,"column":138}},"loc":{"start":{"line":357,"column":45},"end":{"line":357,"column":138}},"line":357},"20":{"name":"onClick","decl":{"start":{"line":358,"column":131},"end":{"line":358,"column":223}},"loc":{"start":{"line":358,"column":131},"end":{"line":358,"column":223}},"line":358},"21":{"name":"onClick","decl":{"start":{"line":361,"column":25},"end":{"line":361,"column":104}},"loc":{"start":{"line":361,"column":25},"end":{"line":361,"column":104}},"line":361},"22":{"name":"onClick","decl":{"start":{"line":366,"column":25},"end":{"line":366,"column":104}},"loc":{"start":{"line":366,"column":25},"end":{"line":366,"column":104}},"line":366},"23":{"name":"onClick","decl":{"start":{"line":372,"column":57},"end":{"line":372,"column":104}},"loc":{"start":{"line":372,"column":57},"end":{"line":372,"column":104}},"line":372},"24":{"name":"onClick","decl":{"start":{"line":373,"column":57},"end":{"line":373,"column":104}},"loc":{"start":{"line":373,"column":57},"end":{"line":373,"column":104}},"line":373},"25":{"name":"onClick","decl":{"start":{"line":377,"column":55},"end":{"line":377,"column":102}},"loc":{"start":{"line":377,"column":55},"end":{"line":377,"column":102}},"line":377},"26":{"name":"onClick","decl":{"start":{"line":451,"column":23},"end":{"line":451,"column":85}},"loc":{"start":{"line":451,"column":23},"end":{"line":451,"column":85}},"line":451}},"f":{"0":32,"1":1,"2":0,"3":0,"4":0,"5":0,"6":0,"7":0,"8":0,"9":0,"10":0,"11":1,"12":3,"13":1,"14":1,"15":2,"16":2,"17":3,"18":1,"19":0,"20":3,"21":0,"22":0,"23":6,"24":0,"25":0,"26":0}}
}
