{"/Users/remsbdj/Documents/Development/react_projects/tictactrip_exercise/tictactrip_exercise_react/src/components/SearchBar.tsx": {"path":"/Users/remsbdj/Documents/Development/react_projects/tictactrip_exercise/tictactrip_exercise_react/src/components/SearchBar.tsx","all":false,"statementMap":{"0":{"start":{"line":1,"column":0},"end":{"line":1,"column":49}},"1":{"start":{"line":2,"column":0},"end":{"line":2,"column":45}},"2":{"start":{"line":3,"column":0},"end":{"line":3,"column":29}},"3":{"start":{"line":4,"column":0},"end":{"line":4,"column":65}},"4":{"start":{"line":5,"column":0},"end":{"line":5,"column":200}},"5":{"start":{"line":6,"column":0},"end":{"line":6,"column":0}},"6":{"start":{"line":7,"column":0},"end":{"line":7,"column":42}},"7":{"start":{"line":8,"column":0},"end":{"line":8,"column":2}},"8":{"start":{"line":9,"column":0},"end":{"line":9,"column":0}},"9":{"start":{"line":10,"column":0},"end":{"line":10,"column":34}},"10":{"start":{"line":11,"column":0},"end":{"line":11,"column":0}},"11":{"start":{"line":12,"column":0},"end":{"line":12,"column":25}},"12":{"start":{"line":13,"column":0},"end":{"line":13,"column":15}},"13":{"start":{"line":14,"column":0},"end":{"line":14,"column":24}},"14":{"start":{"line":15,"column":0},"end":{"line":15,"column":23}},"15":{"start":{"line":16,"column":0},"end":{"line":16,"column":21}},"16":{"start":{"line":17,"column":0},"end":{"line":17,"column":22}},"17":{"start":{"line":18,"column":0},"end":{"line":18,"column":19}},"18":{"start":{"line":19,"column":0},"end":{"line":19,"column":20}},"19":{"start":{"line":20,"column":0},"end":{"line":20,"column":18}},"20":{"start":{"line":21,"column":0},"end":{"line":21,"column":22}},"21":{"start":{"line":22,"column":0},"end":{"line":22,"column":21}},"22":{"start":{"line":23,"column":0},"end":{"line":23,"column":20}},"23":{"start":{"line":24,"column":0},"end":{"line":24,"column":4}},"24":{"start":{"line":25,"column":0},"end":{"line":25,"column":0}},"25":{"start":{"line":26,"column":0},"end":{"line":26,"column":32}},"26":{"start":{"line":27,"column":0},"end":{"line":27,"column":20}},"27":{"start":{"line":28,"column":0},"end":{"line":28,"column":23}},"28":{"start":{"line":29,"column":0},"end":{"line":29,"column":23}},"29":{"start":{"line":30,"column":0},"end":{"line":30,"column":21}},"30":{"start":{"line":31,"column":0},"end":{"line":31,"column":22}},"31":{"start":{"line":32,"column":0},"end":{"line":32,"column":24}},"32":{"start":{"line":33,"column":0},"end":{"line":33,"column":39}},"33":{"start":{"line":34,"column":0},"end":{"line":34,"column":20}},"34":{"start":{"line":35,"column":0},"end":{"line":35,"column":18}},"35":{"start":{"line":36,"column":0},"end":{"line":36,"column":22}},"36":{"start":{"line":37,"column":0},"end":{"line":37,"column":25}},"37":{"start":{"line":38,"column":0},"end":{"line":38,"column":18}},"38":{"start":{"line":39,"column":0},"end":{"line":39,"column":3}},"39":{"start":{"line":40,"column":0},"end":{"line":40,"column":0}},"40":{"start":{"line":41,"column":0},"end":{"line":41,"column":38}},"41":{"start":{"line":42,"column":0},"end":{"line":42,"column":15}},"42":{"start":{"line":43,"column":0},"end":{"line":43,"column":24}},"43":{"start":{"line":44,"column":0},"end":{"line":44,"column":23}},"44":{"start":{"line":45,"column":0},"end":{"line":45,"column":21}},"45":{"start":{"line":46,"column":0},"end":{"line":46,"column":22}},"46":{"start":{"line":47,"column":0},"end":{"line":47,"column":19}},"47":{"start":{"line":48,"column":0},"end":{"line":48,"column":20}},"48":{"start":{"line":49,"column":0},"end":{"line":49,"column":18}},"49":{"start":{"line":50,"column":0},"end":{"line":50,"column":22}},"50":{"start":{"line":51,"column":0},"end":{"line":51,"column":21}},"51":{"start":{"line":52,"column":0},"end":{"line":52,"column":20}},"52":{"start":{"line":53,"column":0},"end":{"line":53,"column":3}},"53":{"start":{"line":54,"column":0},"end":{"line":54,"column":0}},"54":{"start":{"line":55,"column":0},"end":{"line":55,"column":30}},"55":{"start":{"line":56,"column":0},"end":{"line":56,"column":74}},"56":{"start":{"line":57,"column":0},"end":{"line":57,"column":95}},"57":{"start":{"line":58,"column":0},"end":{"line":58,"column":103}},"58":{"start":{"line":59,"column":0},"end":{"line":59,"column":77}},"59":{"start":{"line":60,"column":0},"end":{"line":60,"column":0}},"60":{"start":{"line":61,"column":0},"end":{"line":61,"column":42}},"61":{"start":{"line":62,"column":0},"end":{"line":62,"column":77}},"62":{"start":{"line":63,"column":0},"end":{"line":63,"column":73}},"63":{"start":{"line":64,"column":0},"end":{"line":64,"column":0}},"64":{"start":{"line":65,"column":0},"end":{"line":65,"column":39}},"65":{"start":{"line":66,"column":0},"end":{"line":66,"column":83}},"66":{"start":{"line":67,"column":0},"end":{"line":67,"column":79}},"67":{"start":{"line":68,"column":0},"end":{"line":68,"column":0}},"68":{"start":{"line":69,"column":0},"end":{"line":69,"column":47}},"69":{"start":{"line":70,"column":0},"end":{"line":70,"column":67}},"70":{"start":{"line":71,"column":0},"end":{"line":71,"column":0}},"71":{"start":{"line":72,"column":0},"end":{"line":72,"column":84}},"72":{"start":{"line":73,"column":0},"end":{"line":73,"column":57}},"73":{"start":{"line":74,"column":0},"end":{"line":74,"column":55}},"74":{"start":{"line":75,"column":0},"end":{"line":75,"column":0}},"75":{"start":{"line":76,"column":0},"end":{"line":76,"column":52}},"76":{"start":{"line":77,"column":0},"end":{"line":77,"column":50}},"77":{"start":{"line":78,"column":0},"end":{"line":78,"column":0}},"78":{"start":{"line":79,"column":0},"end":{"line":79,"column":48}},"79":{"start":{"line":80,"column":0},"end":{"line":80,"column":49}},"80":{"start":{"line":81,"column":0},"end":{"line":81,"column":25}},"81":{"start":{"line":82,"column":0},"end":{"line":82,"column":94}},"82":{"start":{"line":83,"column":0},"end":{"line":83,"column":98}},"83":{"start":{"line":84,"column":0},"end":{"line":84,"column":3}},"84":{"start":{"line":85,"column":0},"end":{"line":85,"column":0}},"85":{"start":{"line":86,"column":0},"end":{"line":86,"column":54}},"86":{"start":{"line":87,"column":0},"end":{"line":87,"column":87}},"87":{"start":{"line":88,"column":0},"end":{"line":88,"column":0}},"88":{"start":{"line":89,"column":0},"end":{"line":89,"column":55}},"89":{"start":{"line":90,"column":0},"end":{"line":90,"column":74}},"90":{"start":{"line":91,"column":0},"end":{"line":91,"column":0}},"91":{"start":{"line":92,"column":0},"end":{"line":92,"column":53}},"92":{"start":{"line":93,"column":0},"end":{"line":93,"column":50}},"93":{"start":{"line":94,"column":0},"end":{"line":94,"column":25}},"94":{"start":{"line":95,"column":0},"end":{"line":95,"column":115}},"95":{"start":{"line":96,"column":0},"end":{"line":96,"column":177}},"96":{"start":{"line":97,"column":0},"end":{"line":97,"column":4}},"97":{"start":{"line":98,"column":0},"end":{"line":98,"column":48}},"98":{"start":{"line":99,"column":0},"end":{"line":99,"column":25}},"99":{"start":{"line":100,"column":0},"end":{"line":100,"column":109}},"100":{"start":{"line":101,"column":0},"end":{"line":101,"column":169}},"101":{"start":{"line":102,"column":0},"end":{"line":102,"column":4}},"102":{"start":{"line":103,"column":0},"end":{"line":103,"column":0}},"103":{"start":{"line":104,"column":0},"end":{"line":104,"column":69}},"104":{"start":{"line":105,"column":0},"end":{"line":105,"column":87}},"105":{"start":{"line":106,"column":0},"end":{"line":106,"column":0}},"106":{"start":{"line":107,"column":0},"end":{"line":107,"column":60}},"107":{"start":{"line":108,"column":0},"end":{"line":108,"column":105}},"108":{"start":{"line":109,"column":0},"end":{"line":109,"column":0}},"109":{"start":{"line":110,"column":0},"end":{"line":110,"column":106}},"110":{"start":{"line":111,"column":0},"end":{"line":111,"column":72}},"111":{"start":{"line":112,"column":0},"end":{"line":112,"column":60}},"112":{"start":{"line":113,"column":0},"end":{"line":113,"column":66}},"113":{"start":{"line":114,"column":0},"end":{"line":114,"column":64}},"114":{"start":{"line":115,"column":0},"end":{"line":115,"column":68}},"115":{"start":{"line":116,"column":0},"end":{"line":116,"column":0}},"116":{"start":{"line":117,"column":0},"end":{"line":117,"column":83}},"117":{"start":{"line":118,"column":0},"end":{"line":118,"column":37}},"118":{"start":{"line":119,"column":0},"end":{"line":119,"column":28}},"119":{"start":{"line":120,"column":0},"end":{"line":120,"column":24}},"120":{"start":{"line":121,"column":0},"end":{"line":121,"column":36}},"121":{"start":{"line":122,"column":0},"end":{"line":122,"column":31}},"122":{"start":{"line":123,"column":0},"end":{"line":123,"column":14}},"123":{"start":{"line":124,"column":0},"end":{"line":124,"column":34}},"124":{"start":{"line":125,"column":0},"end":{"line":125,"column":31}},"125":{"start":{"line":126,"column":0},"end":{"line":126,"column":3}},"126":{"start":{"line":127,"column":0},"end":{"line":127,"column":35}},"127":{"start":{"line":128,"column":0},"end":{"line":128,"column":26}},"128":{"start":{"line":129,"column":0},"end":{"line":129,"column":24}},"129":{"start":{"line":130,"column":0},"end":{"line":130,"column":34}},"130":{"start":{"line":131,"column":0},"end":{"line":131,"column":31}},"131":{"start":{"line":132,"column":0},"end":{"line":132,"column":14}},"132":{"start":{"line":133,"column":0},"end":{"line":133,"column":32}},"133":{"start":{"line":134,"column":0},"end":{"line":134,"column":29}},"134":{"start":{"line":135,"column":0},"end":{"line":135,"column":33}},"135":{"start":{"line":136,"column":0},"end":{"line":136,"column":11}},"136":{"start":{"line":137,"column":0},"end":{"line":137,"column":82}},"137":{"start":{"line":138,"column":0},"end":{"line":138,"column":47}},"138":{"start":{"line":139,"column":0},"end":{"line":139,"column":46}},"139":{"start":{"line":140,"column":0},"end":{"line":140,"column":8}},"140":{"start":{"line":141,"column":0},"end":{"line":141,"column":25}},"141":{"start":{"line":142,"column":0},"end":{"line":142,"column":29}},"142":{"start":{"line":143,"column":0},"end":{"line":143,"column":9}},"143":{"start":{"line":144,"column":0},"end":{"line":144,"column":5}},"144":{"start":{"line":145,"column":0},"end":{"line":145,"column":3}},"145":{"start":{"line":146,"column":0},"end":{"line":146,"column":0}},"146":{"start":{"line":147,"column":0},"end":{"line":147,"column":48}},"147":{"start":{"line":148,"column":0},"end":{"line":148,"column":45}},"148":{"start":{"line":149,"column":0},"end":{"line":149,"column":35}},"149":{"start":{"line":150,"column":0},"end":{"line":150,"column":58}},"150":{"start":{"line":151,"column":0},"end":{"line":151,"column":5}},"151":{"start":{"line":152,"column":0},"end":{"line":152,"column":34}},"152":{"start":{"line":153,"column":0},"end":{"line":153,"column":11}},"153":{"start":{"line":154,"column":0},"end":{"line":154,"column":83}},"154":{"start":{"line":155,"column":0},"end":{"line":155,"column":47}},"155":{"start":{"line":156,"column":0},"end":{"line":156,"column":45}},"156":{"start":{"line":157,"column":0},"end":{"line":157,"column":8}},"157":{"start":{"line":158,"column":0},"end":{"line":158,"column":25}},"158":{"start":{"line":159,"column":0},"end":{"line":159,"column":29}},"159":{"start":{"line":160,"column":0},"end":{"line":160,"column":9}},"160":{"start":{"line":161,"column":0},"end":{"line":161,"column":5}},"161":{"start":{"line":162,"column":0},"end":{"line":162,"column":43}},"162":{"start":{"line":163,"column":0},"end":{"line":163,"column":30}},"163":{"start":{"line":164,"column":0},"end":{"line":164,"column":32}},"164":{"start":{"line":165,"column":0},"end":{"line":165,"column":5}},"165":{"start":{"line":166,"column":0},"end":{"line":166,"column":3}},"166":{"start":{"line":167,"column":0},"end":{"line":167,"column":0}},"167":{"start":{"line":168,"column":0},"end":{"line":168,"column":43}},"168":{"start":{"line":169,"column":0},"end":{"line":169,"column":33}},"169":{"start":{"line":170,"column":0},"end":{"line":170,"column":54}},"170":{"start":{"line":171,"column":0},"end":{"line":171,"column":5}},"171":{"start":{"line":172,"column":0},"end":{"line":172,"column":32}},"172":{"start":{"line":173,"column":0},"end":{"line":173,"column":11}},"173":{"start":{"line":174,"column":0},"end":{"line":174,"column":81}},"174":{"start":{"line":175,"column":0},"end":{"line":175,"column":47}},"175":{"start":{"line":176,"column":0},"end":{"line":176,"column":45}},"176":{"start":{"line":177,"column":0},"end":{"line":177,"column":8}},"177":{"start":{"line":178,"column":0},"end":{"line":178,"column":25}},"178":{"start":{"line":179,"column":0},"end":{"line":179,"column":29}},"179":{"start":{"line":180,"column":0},"end":{"line":180,"column":9}},"180":{"start":{"line":181,"column":0},"end":{"line":181,"column":5}},"181":{"start":{"line":182,"column":0},"end":{"line":182,"column":43}},"182":{"start":{"line":183,"column":0},"end":{"line":183,"column":28}},"183":{"start":{"line":184,"column":0},"end":{"line":184,"column":32}},"184":{"start":{"line":185,"column":0},"end":{"line":185,"column":5}},"185":{"start":{"line":186,"column":0},"end":{"line":186,"column":3}},"186":{"start":{"line":187,"column":0},"end":{"line":187,"column":0}},"187":{"start":{"line":188,"column":0},"end":{"line":188,"column":85}},"188":{"start":{"line":189,"column":0},"end":{"line":189,"column":44}},"189":{"start":{"line":190,"column":0},"end":{"line":190,"column":4}},"190":{"start":{"line":191,"column":0},"end":{"line":191,"column":83}},"191":{"start":{"line":192,"column":0},"end":{"line":192,"column":42}},"192":{"start":{"line":193,"column":0},"end":{"line":193,"column":4}},"193":{"start":{"line":194,"column":0},"end":{"line":194,"column":0}},"194":{"start":{"line":195,"column":0},"end":{"line":195,"column":0}},"195":{"start":{"line":196,"column":0},"end":{"line":196,"column":72}},"196":{"start":{"line":197,"column":0},"end":{"line":197,"column":77}},"197":{"start":{"line":198,"column":0},"end":{"line":198,"column":30}},"198":{"start":{"line":199,"column":0},"end":{"line":199,"column":36}},"199":{"start":{"line":200,"column":0},"end":{"line":200,"column":4}},"200":{"start":{"line":201,"column":0},"end":{"line":201,"column":55}},"201":{"start":{"line":202,"column":0},"end":{"line":202,"column":27}},"202":{"start":{"line":203,"column":0},"end":{"line":203,"column":4}},"203":{"start":{"line":204,"column":0},"end":{"line":204,"column":0}},"204":{"start":{"line":205,"column":0},"end":{"line":205,"column":73}},"205":{"start":{"line":206,"column":0},"end":{"line":206,"column":19}},"206":{"start":{"line":207,"column":0},"end":{"line":207,"column":9}},"207":{"start":{"line":208,"column":0},"end":{"line":208,"column":57}},"208":{"start":{"line":209,"column":0},"end":{"line":209,"column":47}},"209":{"start":{"line":210,"column":0},"end":{"line":210,"column":38}},"210":{"start":{"line":211,"column":0},"end":{"line":211,"column":37}},"211":{"start":{"line":212,"column":0},"end":{"line":212,"column":10}},"212":{"start":{"line":213,"column":0},"end":{"line":213,"column":8}},"213":{"start":{"line":214,"column":0},"end":{"line":214,"column":25}},"214":{"start":{"line":215,"column":0},"end":{"line":215,"column":29}},"215":{"start":{"line":216,"column":0},"end":{"line":216,"column":9}},"216":{"start":{"line":217,"column":0},"end":{"line":217,"column":31}},"217":{"start":{"line":218,"column":0},"end":{"line":218,"column":0}},"218":{"start":{"line":219,"column":0},"end":{"line":219,"column":71}},"219":{"start":{"line":220,"column":0},"end":{"line":220,"column":57}},"220":{"start":{"line":221,"column":0},"end":{"line":221,"column":28}},"221":{"start":{"line":222,"column":0},"end":{"line":222,"column":38}},"222":{"start":{"line":223,"column":0},"end":{"line":223,"column":31}},"223":{"start":{"line":224,"column":0},"end":{"line":224,"column":97}},"224":{"start":{"line":225,"column":0},"end":{"line":225,"column":43}},"225":{"start":{"line":226,"column":0},"end":{"line":226,"column":31}},"226":{"start":{"line":227,"column":0},"end":{"line":227,"column":77}},"227":{"start":{"line":228,"column":0},"end":{"line":228,"column":41}},"228":{"start":{"line":229,"column":0},"end":{"line":229,"column":87}},"229":{"start":{"line":230,"column":0},"end":{"line":230,"column":66}},"230":{"start":{"line":231,"column":0},"end":{"line":231,"column":55}},"231":{"start":{"line":232,"column":0},"end":{"line":232,"column":55}},"232":{"start":{"line":233,"column":0},"end":{"line":233,"column":39}},"233":{"start":{"line":234,"column":0},"end":{"line":234,"column":9}},"234":{"start":{"line":235,"column":0},"end":{"line":235,"column":7}},"235":{"start":{"line":236,"column":0},"end":{"line":236,"column":5}},"236":{"start":{"line":237,"column":0},"end":{"line":237,"column":53}},"237":{"start":{"line":238,"column":0},"end":{"line":238,"column":38}},"238":{"start":{"line":239,"column":0},"end":{"line":239,"column":31}},"239":{"start":{"line":240,"column":0},"end":{"line":240,"column":105}},"240":{"start":{"line":241,"column":0},"end":{"line":241,"column":43}},"241":{"start":{"line":242,"column":0},"end":{"line":242,"column":31}},"242":{"start":{"line":243,"column":0},"end":{"line":243,"column":77}},"243":{"start":{"line":244,"column":0},"end":{"line":244,"column":41}},"244":{"start":{"line":245,"column":0},"end":{"line":245,"column":95}},"245":{"start":{"line":246,"column":0},"end":{"line":246,"column":74}},"246":{"start":{"line":247,"column":0},"end":{"line":247,"column":53}},"247":{"start":{"line":248,"column":0},"end":{"line":248,"column":39}},"248":{"start":{"line":249,"column":0},"end":{"line":249,"column":9}},"249":{"start":{"line":250,"column":0},"end":{"line":250,"column":7}},"250":{"start":{"line":251,"column":0},"end":{"line":251,"column":59}},"251":{"start":{"line":252,"column":0},"end":{"line":252,"column":38}},"252":{"start":{"line":253,"column":0},"end":{"line":253,"column":31}},"253":{"start":{"line":254,"column":0},"end":{"line":254,"column":97}},"254":{"start":{"line":255,"column":0},"end":{"line":255,"column":43}},"255":{"start":{"line":256,"column":0},"end":{"line":256,"column":31}},"256":{"start":{"line":257,"column":0},"end":{"line":257,"column":77}},"257":{"start":{"line":258,"column":0},"end":{"line":258,"column":41}},"258":{"start":{"line":259,"column":0},"end":{"line":259,"column":87}},"259":{"start":{"line":260,"column":0},"end":{"line":260,"column":66}},"260":{"start":{"line":261,"column":0},"end":{"line":261,"column":53}},"261":{"start":{"line":262,"column":0},"end":{"line":262,"column":39}},"262":{"start":{"line":263,"column":0},"end":{"line":263,"column":9}},"263":{"start":{"line":264,"column":0},"end":{"line":264,"column":7}},"264":{"start":{"line":265,"column":0},"end":{"line":265,"column":5}},"265":{"start":{"line":266,"column":0},"end":{"line":266,"column":4}},"266":{"start":{"line":267,"column":0},"end":{"line":267,"column":0}},"267":{"start":{"line":268,"column":0},"end":{"line":268,"column":76}},"268":{"start":{"line":269,"column":0},"end":{"line":269,"column":19}},"269":{"start":{"line":270,"column":0},"end":{"line":270,"column":83}},"270":{"start":{"line":271,"column":0},"end":{"line":271,"column":86}},"271":{"start":{"line":272,"column":0},"end":{"line":272,"column":24}},"272":{"start":{"line":273,"column":0},"end":{"line":273,"column":57}},"273":{"start":{"line":274,"column":0},"end":{"line":274,"column":7}},"274":{"start":{"line":275,"column":0},"end":{"line":275,"column":5}},"275":{"start":{"line":276,"column":0},"end":{"line":276,"column":30}},"276":{"start":{"line":277,"column":0},"end":{"line":277,"column":0}},"277":{"start":{"line":278,"column":0},"end":{"line":278,"column":10}},"278":{"start":{"line":279,"column":0},"end":{"line":279,"column":6}},"279":{"start":{"line":280,"column":0},"end":{"line":280,"column":65}},"280":{"start":{"line":281,"column":0},"end":{"line":281,"column":0}},"281":{"start":{"line":282,"column":0},"end":{"line":282,"column":148}},"282":{"start":{"line":283,"column":0},"end":{"line":283,"column":59}},"283":{"start":{"line":284,"column":0},"end":{"line":284,"column":48}},"284":{"start":{"line":285,"column":0},"end":{"line":285,"column":39}},"285":{"start":{"line":286,"column":0},"end":{"line":286,"column":106}},"286":{"start":{"line":287,"column":0},"end":{"line":287,"column":20}},"287":{"start":{"line":288,"column":0},"end":{"line":288,"column":48}},"288":{"start":{"line":289,"column":0},"end":{"line":289,"column":48}},"289":{"start":{"line":290,"column":0},"end":{"line":290,"column":53}},"290":{"start":{"line":291,"column":0},"end":{"line":291,"column":62}},"291":{"start":{"line":292,"column":0},"end":{"line":292,"column":22}},"292":{"start":{"line":293,"column":0},"end":{"line":293,"column":39}},"293":{"start":{"line":294,"column":0},"end":{"line":294,"column":284}},"294":{"start":{"line":295,"column":0},"end":{"line":295,"column":96}},"295":{"start":{"line":296,"column":0},"end":{"line":296,"column":180}},"296":{"start":{"line":297,"column":0},"end":{"line":297,"column":22}},"297":{"start":{"line":298,"column":0},"end":{"line":298,"column":20}},"298":{"start":{"line":299,"column":0},"end":{"line":299,"column":48}},"299":{"start":{"line":300,"column":0},"end":{"line":300,"column":48}},"300":{"start":{"line":301,"column":0},"end":{"line":301,"column":53}},"301":{"start":{"line":302,"column":0},"end":{"line":302,"column":63}},"302":{"start":{"line":303,"column":0},"end":{"line":303,"column":22}},"303":{"start":{"line":304,"column":0},"end":{"line":304,"column":39}},"304":{"start":{"line":305,"column":0},"end":{"line":305,"column":277}},"305":{"start":{"line":306,"column":0},"end":{"line":306,"column":94}},"306":{"start":{"line":307,"column":0},"end":{"line":307,"column":177}},"307":{"start":{"line":308,"column":0},"end":{"line":308,"column":22}},"308":{"start":{"line":309,"column":0},"end":{"line":309,"column":20}},"309":{"start":{"line":310,"column":0},"end":{"line":310,"column":48}},"310":{"start":{"line":311,"column":0},"end":{"line":311,"column":48}},"311":{"start":{"line":312,"column":0},"end":{"line":312,"column":54}},"312":{"start":{"line":313,"column":0},"end":{"line":313,"column":62}},"313":{"start":{"line":314,"column":0},"end":{"line":314,"column":22}},"314":{"start":{"line":315,"column":0},"end":{"line":315,"column":39}},"315":{"start":{"line":316,"column":0},"end":{"line":316,"column":291}},"316":{"start":{"line":317,"column":0},"end":{"line":317,"column":98}},"317":{"start":{"line":318,"column":0},"end":{"line":318,"column":183}},"318":{"start":{"line":319,"column":0},"end":{"line":319,"column":22}},"319":{"start":{"line":320,"column":0},"end":{"line":320,"column":20}},"320":{"start":{"line":321,"column":0},"end":{"line":321,"column":50}},"321":{"start":{"line":322,"column":0},"end":{"line":322,"column":47}},"322":{"start":{"line":323,"column":0},"end":{"line":323,"column":54}},"323":{"start":{"line":324,"column":0},"end":{"line":324,"column":48}},"324":{"start":{"line":325,"column":0},"end":{"line":325,"column":22}},"325":{"start":{"line":326,"column":0},"end":{"line":326,"column":170}},"326":{"start":{"line":327,"column":0},"end":{"line":327,"column":55}},"327":{"start":{"line":328,"column":0},"end":{"line":328,"column":22}},"328":{"start":{"line":329,"column":0},"end":{"line":329,"column":20}},"329":{"start":{"line":330,"column":0},"end":{"line":330,"column":39}},"330":{"start":{"line":331,"column":0},"end":{"line":331,"column":139}},"331":{"start":{"line":332,"column":0},"end":{"line":332,"column":20}},"332":{"start":{"line":333,"column":0},"end":{"line":333,"column":18}},"333":{"start":{"line":334,"column":0},"end":{"line":334,"column":25}},"334":{"start":{"line":335,"column":0},"end":{"line":335,"column":10}},"335":{"start":{"line":336,"column":0},"end":{"line":336,"column":0}},"336":{"start":{"line":337,"column":0},"end":{"line":337,"column":39}},"337":{"start":{"line":338,"column":0},"end":{"line":338,"column":15}},"338":{"start":{"line":339,"column":0},"end":{"line":339,"column":40}},"339":{"start":{"line":340,"column":0},"end":{"line":340,"column":39}},"340":{"start":{"line":341,"column":0},"end":{"line":341,"column":193}},"341":{"start":{"line":342,"column":0},"end":{"line":342,"column":225}},"342":{"start":{"line":343,"column":0},"end":{"line":343,"column":125}},"343":{"start":{"line":344,"column":0},"end":{"line":344,"column":99}},"344":{"start":{"line":345,"column":0},"end":{"line":345,"column":104}},"345":{"start":{"line":346,"column":0},"end":{"line":346,"column":52}},"346":{"start":{"line":347,"column":0},"end":{"line":347,"column":38}},"347":{"start":{"line":348,"column":0},"end":{"line":348,"column":22}},"348":{"start":{"line":349,"column":0},"end":{"line":349,"column":99}},"349":{"start":{"line":350,"column":0},"end":{"line":350,"column":104}},"350":{"start":{"line":351,"column":0},"end":{"line":351,"column":52}},"351":{"start":{"line":352,"column":0},"end":{"line":352,"column":41}},"352":{"start":{"line":353,"column":0},"end":{"line":353,"column":22}},"353":{"start":{"line":354,"column":0},"end":{"line":354,"column":29}},"354":{"start":{"line":355,"column":0},"end":{"line":355,"column":18}},"355":{"start":{"line":356,"column":0},"end":{"line":356,"column":135}},"356":{"start":{"line":357,"column":0},"end":{"line":357,"column":104}},"357":{"start":{"line":358,"column":0},"end":{"line":358,"column":49}},"358":{"start":{"line":359,"column":0},"end":{"line":359,"column":82}},"359":{"start":{"line":360,"column":0},"end":{"line":360,"column":20}},"360":{"start":{"line":361,"column":0},"end":{"line":361,"column":102}},"361":{"start":{"line":362,"column":0},"end":{"line":362,"column":52}},"362":{"start":{"line":363,"column":0},"end":{"line":363,"column":68}},"363":{"start":{"line":364,"column":0},"end":{"line":364,"column":20}},"364":{"start":{"line":365,"column":0},"end":{"line":365,"column":18}},"365":{"start":{"line":366,"column":0},"end":{"line":366,"column":16}},"366":{"start":{"line":367,"column":0},"end":{"line":367,"column":35}},"367":{"start":{"line":368,"column":0},"end":{"line":368,"column":37}},"368":{"start":{"line":369,"column":0},"end":{"line":369,"column":50}},"369":{"start":{"line":370,"column":0},"end":{"line":370,"column":99}},"370":{"start":{"line":371,"column":0},"end":{"line":371,"column":71}},"371":{"start":{"line":372,"column":0},"end":{"line":372,"column":87}},"372":{"start":{"line":373,"column":0},"end":{"line":373,"column":65}},"373":{"start":{"line":374,"column":0},"end":{"line":374,"column":77}},"374":{"start":{"line":375,"column":0},"end":{"line":375,"column":35}},"375":{"start":{"line":376,"column":0},"end":{"line":376,"column":63}},"376":{"start":{"line":377,"column":0},"end":{"line":377,"column":16}},"377":{"start":{"line":378,"column":0},"end":{"line":378,"column":89}},"378":{"start":{"line":379,"column":0},"end":{"line":379,"column":110}},"379":{"start":{"line":380,"column":0},"end":{"line":380,"column":79}},"380":{"start":{"line":381,"column":0},"end":{"line":381,"column":58}},"381":{"start":{"line":382,"column":0},"end":{"line":382,"column":48}},"382":{"start":{"line":383,"column":0},"end":{"line":383,"column":23}},"383":{"start":{"line":384,"column":0},"end":{"line":384,"column":54}},"384":{"start":{"line":385,"column":0},"end":{"line":385,"column":110}},"385":{"start":{"line":386,"column":0},"end":{"line":386,"column":79}},"386":{"start":{"line":387,"column":0},"end":{"line":387,"column":58}},"387":{"start":{"line":388,"column":0},"end":{"line":388,"column":48}},"388":{"start":{"line":389,"column":0},"end":{"line":389,"column":23}},"389":{"start":{"line":390,"column":0},"end":{"line":390,"column":17}},"390":{"start":{"line":391,"column":0},"end":{"line":391,"column":17}},"391":{"start":{"line":392,"column":0},"end":{"line":392,"column":16}},"392":{"start":{"line":393,"column":0},"end":{"line":393,"column":10}},"393":{"start":{"line":394,"column":0},"end":{"line":394,"column":16}},"394":{"start":{"line":395,"column":0},"end":{"line":395,"column":35}},"395":{"start":{"line":396,"column":0},"end":{"line":396,"column":52}},"396":{"start":{"line":397,"column":0},"end":{"line":397,"column":150}},"397":{"start":{"line":398,"column":0},"end":{"line":398,"column":83}},"398":{"start":{"line":399,"column":0},"end":{"line":399,"column":62}},"399":{"start":{"line":400,"column":0},"end":{"line":400,"column":33}},"400":{"start":{"line":401,"column":0},"end":{"line":401,"column":61}},"401":{"start":{"line":402,"column":0},"end":{"line":402,"column":16}},"402":{"start":{"line":403,"column":0},"end":{"line":403,"column":91}},"403":{"start":{"line":404,"column":0},"end":{"line":404,"column":90}},"404":{"start":{"line":405,"column":0},"end":{"line":405,"column":79}},"405":{"start":{"line":406,"column":0},"end":{"line":406,"column":58}},"406":{"start":{"line":407,"column":0},"end":{"line":407,"column":48}},"407":{"start":{"line":408,"column":0},"end":{"line":408,"column":23}},"408":{"start":{"line":409,"column":0},"end":{"line":409,"column":54}},"409":{"start":{"line":410,"column":0},"end":{"line":410,"column":90}},"410":{"start":{"line":411,"column":0},"end":{"line":411,"column":79}},"411":{"start":{"line":412,"column":0},"end":{"line":412,"column":58}},"412":{"start":{"line":413,"column":0},"end":{"line":413,"column":48}},"413":{"start":{"line":414,"column":0},"end":{"line":414,"column":23}},"414":{"start":{"line":415,"column":0},"end":{"line":415,"column":17}},"415":{"start":{"line":416,"column":0},"end":{"line":416,"column":17}},"416":{"start":{"line":417,"column":0},"end":{"line":417,"column":16}},"417":{"start":{"line":418,"column":0},"end":{"line":418,"column":10}},"418":{"start":{"line":419,"column":0},"end":{"line":419,"column":16}},"419":{"start":{"line":420,"column":0},"end":{"line":420,"column":32}},"420":{"start":{"line":421,"column":0},"end":{"line":421,"column":39}},"421":{"start":{"line":422,"column":0},"end":{"line":422,"column":51}},"422":{"start":{"line":423,"column":0},"end":{"line":423,"column":65}},"423":{"start":{"line":424,"column":0},"end":{"line":424,"column":18}},"424":{"start":{"line":425,"column":0},"end":{"line":425,"column":50}},"425":{"start":{"line":426,"column":0},"end":{"line":426,"column":37}},"426":{"start":{"line":427,"column":0},"end":{"line":427,"column":51}},"427":{"start":{"line":428,"column":0},"end":{"line":428,"column":62}},"428":{"start":{"line":429,"column":0},"end":{"line":429,"column":18}},"429":{"start":{"line":430,"column":0},"end":{"line":430,"column":16}},"430":{"start":{"line":431,"column":0},"end":{"line":431,"column":33}},"431":{"start":{"line":432,"column":0},"end":{"line":432,"column":14}},"432":{"start":{"line":433,"column":0},"end":{"line":433,"column":45}},"433":{"start":{"line":434,"column":0},"end":{"line":434,"column":83}},"434":{"start":{"line":435,"column":0},"end":{"line":435,"column":85}},"435":{"start":{"line":436,"column":0},"end":{"line":436,"column":51}},"436":{"start":{"line":437,"column":0},"end":{"line":437,"column":18}},"437":{"start":{"line":438,"column":0},"end":{"line":438,"column":45}},"438":{"start":{"line":439,"column":0},"end":{"line":439,"column":16}},"439":{"start":{"line":440,"column":0},"end":{"line":440,"column":12}},"440":{"start":{"line":441,"column":0},"end":{"line":441,"column":7}},"441":{"start":{"line":442,"column":0},"end":{"line":442,"column":3}},"442":{"start":{"line":443,"column":0},"end":{"line":443,"column":1}}},"s":{"0":1,"1":1,"2":1,"3":1,"4":1,"5":1,"6":1,"7":30,"8":30,"9":30,"10":30,"11":30,"12":30,"13":30,"14":30,"15":30,"16":30,"17":30,"18":30,"19":30,"20":30,"21":30,"22":30,"23":30,"24":30,"25":30,"26":30,"27":30,"28":30,"29":30,"30":30,"31":30,"32":30,"33":30,"34":30,"35":30,"36":30,"37":30,"38":30,"39":30,"40":30,"41":30,"42":30,"43":30,"44":30,"45":30,"46":30,"47":30,"48":30,"49":30,"50":30,"51":30,"52":30,"53":30,"54":30,"55":30,"56":30,"57":30,"58":30,"59":30,"60":30,"61":30,"62":30,"63":30,"64":30,"65":30,"66":30,"67":30,"68":30,"69":30,"70":30,"71":30,"72":30,"73":30,"74":30,"75":30,"76":30,"77":30,"78":30,"79":30,"80":30,"81":30,"82":30,"83":30,"84":30,"85":30,"86":30,"87":30,"88":30,"89":30,"90":30,"91":30,"92":30,"93":30,"94":30,"95":30,"96":30,"97":30,"98":30,"99":30,"100":30,"101":30,"102":30,"103":30,"104":30,"105":30,"106":30,"107":30,"108":30,"109":30,"110":30,"111":30,"112":30,"113":30,"114":30,"115":30,"116":30,"117":30,"118":0,"119":0,"120":0,"121":0,"122":0,"123":0,"124":0,"125":0,"126":30,"127":0,"128":0,"129":0,"130":0,"131":0,"132":0,"133":0,"134":0,"135":0,"136":0,"137":0,"138":0,"139":0,"140":0,"141":0,"142":0,"143":0,"144":0,"145":30,"146":30,"147":30,"148":0,"149":0,"150":0,"151":0,"152":0,"153":0,"154":0,"155":0,"156":0,"157":0,"158":0,"159":0,"160":0,"161":0,"162":0,"163":0,"164":0,"165":0,"166":30,"167":30,"168":0,"169":0,"170":0,"171":0,"172":0,"173":0,"174":0,"175":0,"176":0,"177":0,"178":0,"179":0,"180":0,"181":0,"182":0,"183":0,"184":0,"185":0,"186":30,"187":30,"188":0,"189":0,"190":30,"191":0,"192":0,"193":30,"194":30,"195":30,"196":30,"197":0,"198":0,"199":0,"200":30,"201":0,"202":0,"203":30,"204":30,"205":30,"206":9,"207":9,"208":9,"209":0,"210":0,"211":0,"212":9,"213":9,"214":0,"215":9,"216":30,"217":30,"218":30,"219":30,"220":0,"221":0,"222":0,"223":0,"224":0,"225":0,"226":0,"227":0,"228":0,"229":0,"230":0,"231":0,"232":0,"233":0,"234":0,"235":0,"236":0,"237":0,"238":0,"239":0,"240":0,"241":0,"242":0,"243":0,"244":0,"245":0,"246":0,"247":0,"248":0,"249":0,"250":0,"251":0,"252":0,"253":0,"254":0,"255":0,"256":0,"257":0,"258":0,"259":0,"260":0,"261":0,"262":0,"263":0,"264":0,"265":0,"266":30,"267":30,"268":30,"269":9,"270":0,"271":0,"272":0,"273":0,"274":0,"275":30,"276":30,"277":30,"278":30,"279":30,"280":30,"281":30,"282":17,"283":17,"284":17,"285":17,"286":17,"287":17,"288":17,"289":17,"290":17,"291":17,"292":17,"293":17,"294":17,"295":17,"296":17,"297":17,"298":17,"299":17,"300":17,"301":17,"302":17,"303":17,"304":17,"305":17,"306":17,"307":17,"308":17,"309":17,"310":17,"311":17,"312":17,"313":17,"314":17,"315":17,"316":17,"317":17,"318":17,"319":17,"320":17,"321":17,"322":17,"323":17,"324":17,"325":17,"326":17,"327":17,"328":17,"329":17,"330":17,"331":17,"332":17,"333":30,"334":30,"335":30,"336":30,"337":30,"338":30,"339":30,"340":30,"341":30,"342":30,"343":2,"344":2,"345":2,"346":2,"347":2,"348":2,"349":2,"350":2,"351":2,"352":2,"353":30,"354":30,"355":30,"356":30,"357":30,"358":30,"359":30,"360":30,"361":30,"362":30,"363":30,"364":30,"365":30,"366":30,"367":30,"368":30,"369":30,"370":30,"371":30,"372":30,"373":30,"374":30,"375":0,"376":0,"377":0,"378":0,"379":0,"380":0,"381":0,"382":0,"383":0,"384":0,"385":0,"386":0,"387":0,"388":0,"389":0,"390":0,"391":0,"392":30,"393":30,"394":30,"395":30,"396":30,"397":30,"398":30,"399":30,"400":0,"401":0,"402":0,"403":0,"404":0,"405":0,"406":0,"407":0,"408":0,"409":0,"410":0,"411":0,"412":0,"413":0,"414":0,"415":0,"416":0,"417":30,"418":30,"419":30,"420":30,"421":30,"422":30,"423":30,"424":30,"425":30,"426":30,"427":30,"428":30,"429":30,"430":30,"431":30,"432":30,"433":30,"434":30,"435":30,"436":30,"437":30,"438":30,"439":30,"440":30,"441":30,"442":30},"branchMap":{"0":{"type":"branch","line":7,"loc":{"start":{"line":7,"column":35},"end":{"line":443,"column":1}},"locations":[{"start":{"line":7,"column":35},"end":{"line":443,"column":1}}]},"1":{"type":"branch","line":82,"loc":{"start":{"line":82,"column":19},"end":{"line":82,"column":92}},"locations":[{"start":{"line":82,"column":19},"end":{"line":82,"column":92}}]},"2":{"type":"branch","line":82,"loc":{"start":{"line":82,"column":77},"end":{"line":82,"column":94}},"locations":[{"start":{"line":82,"column":77},"end":{"line":82,"column":94}}]},"3":{"type":"branch","line":83,"loc":{"start":{"line":83,"column":20},"end":{"line":83,"column":65}},"locations":[{"start":{"line":83,"column":20},"end":{"line":83,"column":65}}]},"4":{"type":"branch","line":83,"loc":{"start":{"line":83,"column":49},"end":{"line":83,"column":96}},"locations":[{"start":{"line":83,"column":49},"end":{"line":83,"column":96}}]},"5":{"type":"branch","line":83,"loc":{"start":{"line":83,"column":83},"end":{"line":83,"column":98}},"locations":[{"start":{"line":83,"column":83},"end":{"line":83,"column":98}}]},"6":{"type":"branch","line":95,"loc":{"start":{"line":95,"column":26},"end":{"line":95,"column":113}},"locations":[{"start":{"line":95,"column":26},"end":{"line":95,"column":113}}]},"7":{"type":"branch","line":95,"loc":{"start":{"line":95,"column":98},"end":{"line":95,"column":115}},"locations":[{"start":{"line":95,"column":98},"end":{"line":95,"column":115}}]},"8":{"type":"branch","line":96,"loc":{"start":{"line":96,"column":27},"end":{"line":96,"column":79}},"locations":[{"start":{"line":96,"column":27},"end":{"line":96,"column":79}}]},"9":{"type":"branch","line":96,"loc":{"start":{"line":96,"column":63},"end":{"line":96,"column":175}},"locations":[{"start":{"line":96,"column":63},"end":{"line":96,"column":175}}]},"10":{"type":"branch","line":96,"loc":{"start":{"line":96,"column":169},"end":{"line":96,"column":177}},"locations":[{"start":{"line":96,"column":169},"end":{"line":96,"column":177}}]},"11":{"type":"branch","line":100,"loc":{"start":{"line":100,"column":24},"end":{"line":100,"column":107}},"locations":[{"start":{"line":100,"column":24},"end":{"line":100,"column":107}}]},"12":{"type":"branch","line":100,"loc":{"start":{"line":100,"column":92},"end":{"line":100,"column":109}},"locations":[{"start":{"line":100,"column":92},"end":{"line":100,"column":109}}]},"13":{"type":"branch","line":101,"loc":{"start":{"line":101,"column":25},"end":{"line":101,"column":75}},"locations":[{"start":{"line":101,"column":25},"end":{"line":101,"column":75}}]},"14":{"type":"branch","line":101,"loc":{"start":{"line":101,"column":59},"end":{"line":101,"column":167}},"locations":[{"start":{"line":101,"column":59},"end":{"line":101,"column":167}}]},"15":{"type":"branch","line":101,"loc":{"start":{"line":101,"column":161},"end":{"line":101,"column":169}},"locations":[{"start":{"line":101,"column":161},"end":{"line":101,"column":169}}]},"16":{"type":"branch","line":282,"loc":{"start":{"line":282,"column":5},"end":{"line":334,"column":20}},"locations":[{"start":{"line":282,"column":5},"end":{"line":334,"column":20}}]},"17":{"type":"branch","line":294,"loc":{"start":{"line":294,"column":116},"end":{"line":294,"column":139}},"locations":[{"start":{"line":294,"column":116},"end":{"line":294,"column":139}}]},"18":{"type":"branch","line":294,"loc":{"start":{"line":294,"column":120},"end":{"line":294,"column":143}},"locations":[{"start":{"line":294,"column":120},"end":{"line":294,"column":143}}]},"19":{"type":"branch","line":305,"loc":{"start":{"line":305,"column":114},"end":{"line":305,"column":137}},"locations":[{"start":{"line":305,"column":114},"end":{"line":305,"column":137}}]},"20":{"type":"branch","line":305,"loc":{"start":{"line":305,"column":118},"end":{"line":305,"column":141}},"locations":[{"start":{"line":305,"column":118},"end":{"line":305,"column":141}}]},"21":{"type":"branch","line":316,"loc":{"start":{"line":316,"column":118},"end":{"line":316,"column":141}},"locations":[{"start":{"line":316,"column":118},"end":{"line":316,"column":141}}]},"22":{"type":"branch","line":316,"loc":{"start":{"line":316,"column":122},"end":{"line":316,"column":145}},"locations":[{"start":{"line":316,"column":122},"end":{"line":316,"column":145}}]},"23":{"type":"branch","line":326,"loc":{"start":{"line":326,"column":69},"end":{"line":326,"column":92}},"locations":[{"start":{"line":326,"column":69},"end":{"line":326,"column":92}}]},"24":{"type":"branch","line":326,"loc":{"start":{"line":326,"column":80},"end":{"line":326,"column":109}},"locations":[{"start":{"line":326,"column":80},"end":{"line":326,"column":109}}]},"25":{"type":"branch","line":334,"loc":{"start":{"line":334,"column":10},"end":{"line":334,"column":25}},"locations":[{"start":{"line":334,"column":10},"end":{"line":334,"column":25}}]},"26":{"type":"branch","line":341,"loc":{"start":{"line":341,"column":161},"end":{"line":341,"column":186}},"locations":[{"start":{"line":341,"column":161},"end":{"line":341,"column":186}}]},"27":{"type":"branch","line":342,"loc":{"start":{"line":342,"column":71},"end":{"line":342,"column":107}},"locations":[{"start":{"line":342,"column":71},"end":{"line":342,"column":107}}]},"28":{"type":"branch","line":342,"loc":{"start":{"line":342,"column":93},"end":{"line":342,"column":122}},"locations":[{"start":{"line":342,"column":93},"end":{"line":342,"column":122}}]},"29":{"type":"branch","line":343,"loc":{"start":{"line":343,"column":15},"end":{"line":354,"column":24}},"locations":[{"start":{"line":343,"column":15},"end":{"line":354,"column":24}}]},"30":{"type":"branch","line":344,"loc":{"start":{"line":344,"column":55},"end":{"line":344,"column":99}},"locations":[{"start":{"line":344,"column":55},"end":{"line":344,"column":99}}]},"31":{"type":"branch","line":349,"loc":{"start":{"line":349,"column":51},"end":{"line":349,"column":77}},"locations":[{"start":{"line":349,"column":51},"end":{"line":349,"column":77}}]},"32":{"type":"branch","line":354,"loc":{"start":{"line":354,"column":14},"end":{"line":354,"column":29}},"locations":[{"start":{"line":354,"column":14},"end":{"line":354,"column":29}}]},"33":{"type":"branch","line":375,"loc":{"start":{"line":375,"column":13},"end":{"line":392,"column":16}},"locations":[{"start":{"line":375,"column":13},"end":{"line":392,"column":16}}]},"34":{"type":"branch","line":400,"loc":{"start":{"line":400,"column":13},"end":{"line":417,"column":16}},"locations":[{"start":{"line":400,"column":13},"end":{"line":417,"column":16}}]},"35":{"type":"branch","line":434,"loc":{"start":{"line":434,"column":28},"end":{"line":434,"column":66}},"locations":[{"start":{"line":434,"column":28},"end":{"line":434,"column":66}}]},"36":{"type":"branch","line":206,"loc":{"start":{"line":206,"column":12},"end":{"line":217,"column":5}},"locations":[{"start":{"line":206,"column":12},"end":{"line":217,"column":5}}]},"37":{"type":"branch","line":269,"loc":{"start":{"line":269,"column":12},"end":{"line":276,"column":5}},"locations":[{"start":{"line":269,"column":12},"end":{"line":276,"column":5}}]},"38":{"type":"branch","line":270,"loc":{"start":{"line":270,"column":33},"end":{"line":270,"column":82}},"locations":[{"start":{"line":270,"column":33},"end":{"line":270,"column":82}}]},"39":{"type":"branch","line":270,"loc":{"start":{"line":270,"column":82},"end":{"line":275,"column":5}},"locations":[{"start":{"line":270,"column":82},"end":{"line":275,"column":5}}]},"40":{"type":"branch","line":294,"loc":{"start":{"line":294,"column":152},"end":{"line":294,"column":282}},"locations":[{"start":{"line":294,"column":152},"end":{"line":294,"column":282}}]},"41":{"type":"branch","line":294,"loc":{"start":{"line":294,"column":204},"end":{"line":294,"column":280}},"locations":[{"start":{"line":294,"column":204},"end":{"line":294,"column":280}}]},"42":{"type":"branch","line":296,"loc":{"start":{"line":296,"column":97},"end":{"line":296,"column":178}},"locations":[{"start":{"line":296,"column":97},"end":{"line":296,"column":178}}]},"43":{"type":"branch","line":305,"loc":{"start":{"line":305,"column":150},"end":{"line":305,"column":275}},"locations":[{"start":{"line":305,"column":150},"end":{"line":305,"column":275}}]},"44":{"type":"branch","line":305,"loc":{"start":{"line":305,"column":199},"end":{"line":305,"column":273}},"locations":[{"start":{"line":305,"column":199},"end":{"line":305,"column":273}}]},"45":{"type":"branch","line":307,"loc":{"start":{"line":307,"column":96},"end":{"line":307,"column":175}},"locations":[{"start":{"line":307,"column":96},"end":{"line":307,"column":175}}]},"46":{"type":"branch","line":316,"loc":{"start":{"line":316,"column":154},"end":{"line":316,"column":289}},"locations":[{"start":{"line":316,"column":154},"end":{"line":316,"column":289}}]},"47":{"type":"branch","line":316,"loc":{"start":{"line":316,"column":177},"end":{"line":316,"column":214}},"locations":[{"start":{"line":316,"column":177},"end":{"line":316,"column":214}}]},"48":{"type":"branch","line":316,"loc":{"start":{"line":316,"column":209},"end":{"line":316,"column":287}},"locations":[{"start":{"line":316,"column":209},"end":{"line":316,"column":287}}]},"49":{"type":"branch","line":318,"loc":{"start":{"line":318,"column":98},"end":{"line":318,"column":181}},"locations":[{"start":{"line":318,"column":98},"end":{"line":318,"column":181}}]},"50":{"type":"branch","line":326,"loc":{"start":{"line":326,"column":118},"end":{"line":326,"column":170}},"locations":[{"start":{"line":326,"column":118},"end":{"line":326,"column":170}}]},"51":{"type":"branch","line":326,"loc":{"start":{"line":326,"column":125},"end":{"line":326,"column":153}},"locations":[{"start":{"line":326,"column":125},"end":{"line":326,"column":153}}]},"52":{"type":"branch","line":326,"loc":{"start":{"line":326,"column":149},"end":{"line":326,"column":167}},"locations":[{"start":{"line":326,"column":149},"end":{"line":326,"column":167}}]},"53":{"type":"branch","line":331,"loc":{"start":{"line":331,"column":75},"end":{"line":331,"column":123}},"locations":[{"start":{"line":331,"column":75},"end":{"line":331,"column":123}}]},"54":{"type":"branch","line":342,"loc":{"start":{"line":342,"column":131},"end":{"line":342,"column":223}},"locations":[{"start":{"line":342,"column":131},"end":{"line":342,"column":223}}]},"55":{"type":"branch","line":342,"loc":{"start":{"line":342,"column":138},"end":{"line":342,"column":192}},"locations":[{"start":{"line":342,"column":138},"end":{"line":342,"column":192}}]},"56":{"type":"branch","line":342,"loc":{"start":{"line":342,"column":188},"end":{"line":342,"column":220}},"locations":[{"start":{"line":342,"column":188},"end":{"line":342,"column":220}}]},"57":{"type":"branch","line":356,"loc":{"start":{"line":356,"column":57},"end":{"line":356,"column":104}},"locations":[{"start":{"line":356,"column":57},"end":{"line":356,"column":104}}]}},"b":{"0":[30],"1":[21],"2":[9],"3":[21],"4":[21],"5":[9],"6":[21],"7":[9],"8":[21],"9":[21],"10":[9],"11":[21],"12":[9],"13":[21],"14":[21],"15":[9],"16":[17],"17":[10],"18":[7],"19":[13],"20":[4],"21":[14],"22":[3],"23":[2],"24":[15],"25":[13],"26":[0],"27":[2],"28":[28],"29":[2],"30":[0],"31":[0],"32":[28],"33":[0],"34":[0],"35":[0],"36":[9],"37":[9],"38":[0],"39":[0],"40":[1],"41":[0],"42":[3],"43":[1],"44":[0],"45":[1],"46":[2],"47":[1],"48":[1],"49":[2],"50":[3],"51":[1],"52":[2],"53":[1],"54":[3],"55":[1],"56":[2],"57":[6]},"fnMap":{"0":{"name":"SearchBar","decl":{"start":{"line":7,"column":35},"end":{"line":443,"column":1}},"loc":{"start":{"line":7,"column":35},"end":{"line":443,"column":1}},"line":7},"1":{"name":"handleTripFromFocus","decl":{"start":{"line":118,"column":30},"end":{"line":126,"column":3}},"loc":{"start":{"line":118,"column":30},"end":{"line":126,"column":3}},"line":118},"2":{"name":"handleTripToFocus","decl":{"start":{"line":127,"column":28},"end":{"line":145,"column":3}},"loc":{"start":{"line":127,"column":28},"end":{"line":145,"column":3}},"line":127},"3":{"name":"handleTypingInTripFromInput","decl":{"start":{"line":148,"column":38},"end":{"line":166,"column":3}},"loc":{"start":{"line":148,"column":38},"end":{"line":166,"column":3}},"line":148},"4":{"name":"handleTypingInTripToInput","decl":{"start":{"line":168,"column":36},"end":{"line":186,"column":3}},"loc":{"start":{"line":168,"column":36},"end":{"line":186,"column":3}},"line":168},"5":{"name":"handleInputTripFromChange","decl":{"start":{"line":188,"column":36},"end":{"line":190,"column":4}},"loc":{"start":{"line":188,"column":36},"end":{"line":190,"column":4}},"line":188},"6":{"name":"handleInputTripToChange","decl":{"start":{"line":191,"column":34},"end":{"line":193,"column":4}},"loc":{"start":{"line":191,"column":34},"end":{"line":193,"column":4}},"line":191},"7":{"name":"handleListItemTripFromClick","decl":{"start":{"line":197,"column":38},"end":{"line":200,"column":4}},"loc":{"start":{"line":197,"column":38},"end":{"line":200,"column":4}},"line":197},"8":{"name":"handleListItemTripToClick","decl":{"start":{"line":201,"column":36},"end":{"line":203,"column":4}},"loc":{"start":{"line":201,"column":36},"end":{"line":203,"column":4}},"line":201},"9":{"name":"handleKeyDown","decl":{"start":{"line":220,"column":24},"end":{"line":266,"column":4}},"loc":{"start":{"line":220,"column":24},"end":{"line":266,"column":4}},"line":220},"10":{"name":"onClick","decl":{"start":{"line":286,"column":57},"end":{"line":286,"column":104}},"loc":{"start":{"line":286,"column":57},"end":{"line":286,"column":104}},"line":286},"11":{"name":"onClick","decl":{"start":{"line":294,"column":152},"end":{"line":294,"column":282}},"loc":{"start":{"line":294,"column":152},"end":{"line":294,"column":282}},"line":294},"12":{"name":"onClick","decl":{"start":{"line":296,"column":97},"end":{"line":296,"column":178}},"loc":{"start":{"line":296,"column":97},"end":{"line":296,"column":178}},"line":296},"13":{"name":"onClick","decl":{"start":{"line":305,"column":150},"end":{"line":305,"column":275}},"loc":{"start":{"line":305,"column":150},"end":{"line":305,"column":275}},"line":305},"14":{"name":"onClick","decl":{"start":{"line":307,"column":96},"end":{"line":307,"column":175}},"loc":{"start":{"line":307,"column":96},"end":{"line":307,"column":175}},"line":307},"15":{"name":"onClick","decl":{"start":{"line":316,"column":154},"end":{"line":316,"column":289}},"loc":{"start":{"line":316,"column":154},"end":{"line":316,"column":289}},"line":316},"16":{"name":"onClick","decl":{"start":{"line":318,"column":98},"end":{"line":318,"column":181}},"loc":{"start":{"line":318,"column":98},"end":{"line":318,"column":181}},"line":318},"17":{"name":"onClick","decl":{"start":{"line":326,"column":118},"end":{"line":326,"column":170}},"loc":{"start":{"line":326,"column":118},"end":{"line":326,"column":170}},"line":326},"18":{"name":"onClick","decl":{"start":{"line":331,"column":75},"end":{"line":331,"column":123}},"loc":{"start":{"line":331,"column":75},"end":{"line":331,"column":123}},"line":331},"19":{"name":"onClick","decl":{"start":{"line":341,"column":45},"end":{"line":341,"column":138}},"loc":{"start":{"line":341,"column":45},"end":{"line":341,"column":138}},"line":341},"20":{"name":"onClick","decl":{"start":{"line":342,"column":131},"end":{"line":342,"column":223}},"loc":{"start":{"line":342,"column":131},"end":{"line":342,"column":223}},"line":342},"21":{"name":"onClick","decl":{"start":{"line":345,"column":25},"end":{"line":345,"column":104}},"loc":{"start":{"line":345,"column":25},"end":{"line":345,"column":104}},"line":345},"22":{"name":"onClick","decl":{"start":{"line":350,"column":25},"end":{"line":350,"column":104}},"loc":{"start":{"line":350,"column":25},"end":{"line":350,"column":104}},"line":350},"23":{"name":"onClick","decl":{"start":{"line":356,"column":57},"end":{"line":356,"column":104}},"loc":{"start":{"line":356,"column":57},"end":{"line":356,"column":104}},"line":356},"24":{"name":"onClick","decl":{"start":{"line":357,"column":57},"end":{"line":357,"column":104}},"loc":{"start":{"line":357,"column":57},"end":{"line":357,"column":104}},"line":357},"25":{"name":"onClick","decl":{"start":{"line":361,"column":55},"end":{"line":361,"column":102}},"loc":{"start":{"line":361,"column":55},"end":{"line":361,"column":102}},"line":361},"26":{"name":"onClick","decl":{"start":{"line":435,"column":23},"end":{"line":435,"column":85}},"loc":{"start":{"line":435,"column":23},"end":{"line":435,"column":85}},"line":435}},"f":{"0":30,"1":0,"2":0,"3":0,"4":0,"5":0,"6":0,"7":0,"8":0,"9":0,"10":0,"11":1,"12":3,"13":1,"14":1,"15":2,"16":2,"17":3,"18":1,"19":0,"20":3,"21":0,"22":0,"23":6,"24":0,"25":0,"26":0}}
}
